{"C:/Users/alan/my/games/gomoku/src/App.tsx": {"path":"C:/Users/alan/my/games/gomoku/src/App.tsx","statementMap":{"0":{"start":{"line":12,"column":42},"end":{"line":12,"column":null}},"1":{"start":{"line":13,"column":48},"end":{"line":13,"column":null}},"2":{"start":{"line":23,"column":6},"end":{"line":23,"column":null}},"3":{"start":{"line":58,"column":6},"end":{"line":58,"column":null}},"4":{"start":{"line":71,"column":6},"end":{"line":71,"column":null}},"5":{"start":{"line":74,"column":2},"end":{"line":78,"column":null}},"6":{"start":{"line":75,"column":4},"end":{"line":77,"column":null}},"7":{"start":{"line":76,"column":6},"end":{"line":76,"column":null}},"8":{"start":{"line":81,"column":2},"end":{"line":91,"column":null}},"9":{"start":{"line":82,"column":4},"end":{"line":90,"column":null}},"10":{"start":{"line":83,"column":6},"end":{"line":83,"column":null}},"11":{"start":{"line":84,"column":6},"end":{"line":84,"column":null}},"12":{"start":{"line":85,"column":6},"end":{"line":85,"column":null}},"13":{"start":{"line":86,"column":4},"end":{"line":90,"column":null}},"14":{"start":{"line":88,"column":6},"end":{"line":88,"column":null}},"15":{"start":{"line":89,"column":6},"end":{"line":89,"column":null}},"16":{"start":{"line":94,"column":28},"end":{"line":96,"column":null}},"17":{"start":{"line":95,"column":4},"end":{"line":95,"column":null}},"18":{"start":{"line":99,"column":30},"end":{"line":105,"column":null}},"19":{"start":{"line":100,"column":4},"end":{"line":103,"column":null}},"20":{"start":{"line":104,"column":4},"end":{"line":104,"column":null}},"21":{"start":{"line":108,"column":24},"end":{"line":113,"column":null}},"22":{"start":{"line":109,"column":4},"end":{"line":109,"column":null}},"23":{"start":{"line":110,"column":4},"end":{"line":110,"column":null}},"24":{"start":{"line":111,"column":4},"end":{"line":111,"column":null}},"25":{"start":{"line":112,"column":4},"end":{"line":112,"column":null}},"26":{"start":{"line":116,"column":27},"end":{"line":118,"column":null}},"27":{"start":{"line":117,"column":4},"end":{"line":117,"column":null}},"28":{"start":{"line":120,"column":33},"end":{"line":122,"column":null}},"29":{"start":{"line":121,"column":4},"end":{"line":121,"column":null}},"30":{"start":{"line":124,"column":31},"end":{"line":130,"column":null}},"31":{"start":{"line":125,"column":4},"end":{"line":129,"column":null}},"32":{"start":{"line":126,"column":6},"end":{"line":126,"column":null}},"33":{"start":{"line":128,"column":6},"end":{"line":128,"column":null}},"34":{"start":{"line":132,"column":2},"end":{"line":276,"column":null}}},"fnMap":{"0":{"name":"App","decl":{"start":{"line":10,"column":9},"end":{"line":10,"column":28}},"loc":{"start":{"line":10,"column":28},"end":{"line":278,"column":null}}},"1":{"name":"(anonymous_1)","decl":{"start":{"line":74,"column":12},"end":{"line":74,"column":18}},"loc":{"start":{"line":74,"column":18},"end":{"line":78,"column":5}}},"2":{"name":"(anonymous_2)","decl":{"start":{"line":81,"column":12},"end":{"line":81,"column":18}},"loc":{"start":{"line":81,"column":18},"end":{"line":91,"column":5}}},"3":{"name":"(anonymous_3)","decl":{"start":{"line":94,"column":28},"end":{"line":94,"column":34}},"loc":{"start":{"line":94,"column":34},"end":{"line":96,"column":null}}},"4":{"name":"(anonymous_4)","decl":{"start":{"line":99,"column":30},"end":{"line":99,"column":36}},"loc":{"start":{"line":99,"column":36},"end":{"line":105,"column":null}}},"5":{"name":"(anonymous_5)","decl":{"start":{"line":108,"column":24},"end":{"line":108,"column":30}},"loc":{"start":{"line":108,"column":30},"end":{"line":113,"column":null}}},"6":{"name":"(anonymous_6)","decl":{"start":{"line":116,"column":27},"end":{"line":116,"column":28}},"loc":{"start":{"line":116,"column":50},"end":{"line":118,"column":null}}},"7":{"name":"(anonymous_7)","decl":{"start":{"line":120,"column":33},"end":{"line":120,"column":39}},"loc":{"start":{"line":120,"column":39},"end":{"line":122,"column":null}}},"8":{"name":"(anonymous_8)","decl":{"start":{"line":124,"column":31},"end":{"line":124,"column":37}},"loc":{"start":{"line":124,"column":37},"end":{"line":130,"column":null}}}},"branchMap":{"0":{"loc":{"start":{"line":75,"column":4},"end":{"line":77,"column":null}},"type":"if","locations":[{"start":{"line":75,"column":4},"end":{"line":77,"column":null}},{"start":{},"end":{}}]},"1":{"loc":{"start":{"line":82,"column":4},"end":{"line":90,"column":null}},"type":"if","locations":[{"start":{"line":82,"column":4},"end":{"line":90,"column":null}},{"start":{"line":86,"column":4},"end":{"line":90,"column":null}}]},"2":{"loc":{"start":{"line":82,"column":8},"end":{"line":82,"column":46}},"type":"binary-expr","locations":[{"start":{"line":82,"column":8},"end":{"line":82,"column":18}},{"start":{"line":82,"column":18},"end":{"line":82,"column":46}}]},"3":{"loc":{"start":{"line":86,"column":4},"end":{"line":90,"column":null}},"type":"if","locations":[{"start":{"line":86,"column":4},"end":{"line":90,"column":null}},{"start":{},"end":{}}]},"4":{"loc":{"start":{"line":125,"column":4},"end":{"line":129,"column":null}},"type":"if","locations":[{"start":{"line":125,"column":4},"end":{"line":129,"column":null}},{"start":{"line":127,"column":11},"end":{"line":129,"column":null}}]},"5":{"loc":{"start":{"line":179,"column":18},"end":{"line":183,"column":null}},"type":"cond-expr","locations":[{"start":{"line":180,"column":22},"end":{"line":180,"column":null}},{"start":{"line":181,"column":22},"end":{"line":183,"column":null}}]},"6":{"loc":{"start":{"line":181,"column":22},"end":{"line":183,"column":null}},"type":"cond-expr","locations":[{"start":{"line":182,"column":22},"end":{"line":182,"column":null}},{"start":{"line":183,"column":22},"end":{"line":183,"column":null}}]},"7":{"loc":{"start":{"line":181,"column":22},"end":{"line":181,"column":null}},"type":"binary-expr","locations":[{"start":{"line":181,"column":22},"end":{"line":181,"column":50}},{"start":{"line":181,"column":50},"end":{"line":181,"column":null}}]},"8":{"loc":{"start":{"line":186,"column":18},"end":{"line":186,"column":null}},"type":"binary-expr","locations":[{"start":{"line":186,"column":18},"end":{"line":186,"column":46}},{"start":{"line":186,"column":46},"end":{"line":186,"column":61}},{"start":{"line":186,"column":61},"end":{"line":186,"column":null}}]},"9":{"loc":{"start":{"line":189,"column":18},"end":{"line":195,"column":null}},"type":"cond-expr","locations":[{"start":{"line":190,"column":22},"end":{"line":190,"column":null}},{"start":{"line":191,"column":22},"end":{"line":195,"column":null}}]},"10":{"loc":{"start":{"line":191,"column":22},"end":{"line":195,"column":null}},"type":"cond-expr","locations":[{"start":{"line":192,"column":22},"end":{"line":192,"column":null}},{"start":{"line":193,"column":22},"end":{"line":195,"column":null}}]},"11":{"loc":{"start":{"line":193,"column":22},"end":{"line":195,"column":null}},"type":"cond-expr","locations":[{"start":{"line":194,"column":22},"end":{"line":194,"column":null}},{"start":{"line":195,"column":22},"end":{"line":195,"column":null}}]},"12":{"loc":{"start":{"line":200,"column":20},"end":{"line":200,"column":null}},"type":"cond-expr","locations":[{"start":{"line":200,"column":40},"end":{"line":200,"column":51}},{"start":{"line":200,"column":51},"end":{"line":200,"column":null}}]},"13":{"loc":{"start":{"line":203,"column":17},"end":{"line":203,"column":null}},"type":"cond-expr","locations":[{"start":{"line":203,"column":37},"end":{"line":203,"column":46}},{"start":{"line":203,"column":46},"end":{"line":203,"column":null}}]},"14":{"loc":{"start":{"line":270,"column":7},"end":{"line":274,"column":null}},"type":"binary-expr","locations":[{"start":{"line":270,"column":7},"end":{"line":270,"column":null}},{"start":{"line":271,"column":8},"end":{"line":274,"column":null}}]},"15":{"loc":{"start":{"line":272,"column":19},"end":{"line":272,"column":56}},"type":"cond-expr","locations":[{"start":{"line":272,"column":28},"end":{"line":272,"column":49}},{"start":{"line":272,"column":49},"end":{"line":272,"column":56}}]},"16":{"loc":{"start":{"line":273,"column":11},"end":{"line":273,"column":null}},"type":"cond-expr","locations":[{"start":{"line":273,"column":26},"end":{"line":273,"column":35}},{"start":{"line":273,"column":35},"end":{"line":273,"column":null}}]}},"s":{"0":0,"1":0,"2":0,"3":0,"4":0,"5":0,"6":0,"7":0,"8":0,"9":0,"10":0,"11":0,"12":0,"13":0,"14":0,"15":0,"16":0,"17":0,"18":0,"19":0,"20":0,"21":0,"22":0,"23":0,"24":0,"25":0,"26":0,"27":0,"28":0,"29":0,"30":0,"31":0,"32":0,"33":0,"34":0},"f":{"0":0,"1":0,"2":0,"3":0,"4":0,"5":0,"6":0,"7":0,"8":0},"b":{"0":[0,0],"1":[0,0],"2":[0,0],"3":[0,0],"4":[0,0],"5":[0,0],"6":[0,0],"7":[0,0],"8":[0,0,0],"9":[0,0],"10":[0,0],"11":[0,0],"12":[0,0],"13":[0,0],"14":[0,0],"15":[0,0],"16":[0,0]}}
,"C:/Users/alan/my/games/gomoku/src/main.tsx": {"path":"C:/Users/alan/my/games/gomoku/src/main.tsx","statementMap":{"0":{"start":{"line":6,"column":20},"end":{"line":6,"column":null}},"1":{"start":{"line":7,"column":0},"end":{"line":11,"column":null}}},"fnMap":{},"branchMap":{},"s":{"0":0,"1":0},"f":{},"b":{}}
,"C:/Users/alan/my/games/gomoku/src/ai/engine.ts": {"path":"C:/Users/alan/my/games/gomoku/src/ai/engine.ts","statementMap":{"0":{"start":{"line":14,"column":4},"end":{"line":14,"column":null}},"1":{"start":{"line":15,"column":4},"end":{"line":15,"column":null}},"2":{"start":{"line":16,"column":4},"end":{"line":16,"column":null}},"3":{"start":{"line":26,"column":4},"end":{"line":28,"column":null}},"4":{"start":{"line":31,"column":4},"end":{"line":31,"column":null}},"5":{"start":{"line":33,"column":30},"end":{"line":33,"column":null}},"6":{"start":{"line":36,"column":22},"end":{"line":36,"column":null}},"7":{"start":{"line":38,"column":4},"end":{"line":57,"column":null}},"8":{"start":{"line":40,"column":6},"end":{"line":53,"column":null}},"9":{"start":{"line":42,"column":10},"end":{"line":42,"column":null}},"10":{"start":{"line":43,"column":10},"end":{"line":43,"column":null}},"11":{"start":{"line":45,"column":10},"end":{"line":45,"column":null}},"12":{"start":{"line":46,"column":10},"end":{"line":46,"column":null}},"13":{"start":{"line":48,"column":10},"end":{"line":48,"column":null}},"14":{"start":{"line":49,"column":10},"end":{"line":49,"column":null}},"15":{"start":{"line":51,"column":10},"end":{"line":51,"column":null}},"16":{"start":{"line":52,"column":10},"end":{"line":52,"column":null}},"17":{"start":{"line":55,"column":6},"end":{"line":55,"column":null}},"18":{"start":{"line":56,"column":6},"end":{"line":56,"column":null}},"19":{"start":{"line":59,"column":28},"end":{"line":59,"column":null}},"20":{"start":{"line":60,"column":4},"end":{"line":64,"column":null}},"21":{"start":{"line":67,"column":4},"end":{"line":69,"column":null}},"22":{"start":{"line":68,"column":6},"end":{"line":68,"column":null}},"23":{"start":{"line":71,"column":4},"end":{"line":71,"column":null}},"24":{"start":{"line":78,"column":23},"end":{"line":78,"column":null}},"25":{"start":{"line":79,"column":4},"end":{"line":79,"column":null}},"26":{"start":{"line":79,"column":33},"end":{"line":79,"column":null}},"27":{"start":{"line":82,"column":4},"end":{"line":91,"column":null}},"28":{"start":{"line":84,"column":22},"end":{"line":84,"column":null}},"29":{"start":{"line":85,"column":6},"end":{"line":85,"column":null}},"30":{"start":{"line":85,"column":19},"end":{"line":85,"column":null}},"31":{"start":{"line":88,"column":23},"end":{"line":88,"column":null}},"32":{"start":{"line":89,"column":24},"end":{"line":89,"column":null}},"33":{"start":{"line":90,"column":6},"end":{"line":90,"column":null}},"34":{"start":{"line":90,"column":21},"end":{"line":90,"column":null}},"35":{"start":{"line":94,"column":24},"end":{"line":94,"column":null}},"36":{"start":{"line":95,"column":4},"end":{"line":95,"column":null}},"37":{"start":{"line":102,"column":4},"end":{"line":102,"column":null}},"38":{"start":{"line":109,"column":22},"end":{"line":109,"column":null}},"39":{"start":{"line":111,"column":4},"end":{"line":119,"column":null}},"40":{"start":{"line":112,"column":19},"end":{"line":112,"column":null}},"41":{"start":{"line":113,"column":26},"end":{"line":113,"column":null}},"42":{"start":{"line":114,"column":6},"end":{"line":114,"column":null}},"43":{"start":{"line":115,"column":6},"end":{"line":115,"column":null}},"44":{"start":{"line":117,"column":6},"end":{"line":117,"column":null}},"45":{"start":{"line":118,"column":6},"end":{"line":118,"column":null}},"46":{"start":{"line":130,"column":21},"end":{"line":130,"column":null}},"47":{"start":{"line":131,"column":17},"end":{"line":131,"column":null}},"48":{"start":{"line":134,"column":20},"end":{"line":134,"column":null}},"49":{"start":{"line":135,"column":4},"end":{"line":138,"column":null}},"50":{"start":{"line":136,"column":6},"end":{"line":136,"column":null}},"51":{"start":{"line":137,"column":6},"end":{"line":137,"column":null}},"52":{"start":{"line":141,"column":4},"end":{"line":154,"column":null}},"53":{"start":{"line":144,"column":8},"end":{"line":144,"column":null}},"54":{"start":{"line":148,"column":8},"end":{"line":148,"column":null}},"55":{"start":{"line":153,"column":8},"end":{"line":153,"column":null}},"56":{"start":{"line":166,"column":4},"end":{"line":166,"column":null}},"57":{"start":{"line":169,"column":23},"end":{"line":169,"column":null}},"58":{"start":{"line":170,"column":4},"end":{"line":173,"column":null}},"59":{"start":{"line":171,"column":6},"end":{"line":171,"column":null}},"60":{"start":{"line":172,"column":6},"end":{"line":172,"column":null}},"61":{"start":{"line":176,"column":30},"end":{"line":176,"column":null}},"62":{"start":{"line":177,"column":4},"end":{"line":180,"column":null}},"63":{"start":{"line":178,"column":6},"end":{"line":178,"column":null}},"64":{"start":{"line":179,"column":6},"end":{"line":179,"column":null}},"65":{"start":{"line":183,"column":4},"end":{"line":185,"column":null}},"66":{"start":{"line":197,"column":4},"end":{"line":197,"column":null}},"67":{"start":{"line":200,"column":22},"end":{"line":200,"column":null}},"68":{"start":{"line":201,"column":4},"end":{"line":204,"column":null}},"69":{"start":{"line":202,"column":6},"end":{"line":202,"column":null}},"70":{"start":{"line":203,"column":6},"end":{"line":203,"column":null}},"71":{"start":{"line":207,"column":30},"end":{"line":207,"column":null}},"72":{"start":{"line":208,"column":4},"end":{"line":211,"column":null}},"73":{"start":{"line":209,"column":6},"end":{"line":209,"column":null}},"74":{"start":{"line":210,"column":6},"end":{"line":210,"column":null}},"75":{"start":{"line":214,"column":4},"end":{"line":216,"column":null}},"76":{"start":{"line":228,"column":4},"end":{"line":228,"column":null}},"77":{"start":{"line":231,"column":22},"end":{"line":231,"column":null}},"78":{"start":{"line":232,"column":4},"end":{"line":235,"column":null}},"79":{"start":{"line":233,"column":6},"end":{"line":233,"column":null}},"80":{"start":{"line":234,"column":6},"end":{"line":234,"column":null}},"81":{"start":{"line":238,"column":4},"end":{"line":240,"column":null}},"82":{"start":{"line":247,"column":4},"end":{"line":247,"column":null}},"83":{"start":{"line":250,"column":20},"end":{"line":250,"column":null}},"84":{"start":{"line":251,"column":4},"end":{"line":251,"column":null}},"85":{"start":{"line":251,"column":17},"end":{"line":251,"column":null}},"86":{"start":{"line":254,"column":22},"end":{"line":254,"column":null}},"87":{"start":{"line":255,"column":4},"end":{"line":255,"column":null}},"88":{"start":{"line":255,"column":19},"end":{"line":255,"column":null}},"89":{"start":{"line":258,"column":23},"end":{"line":258,"column":null}},"90":{"start":{"line":259,"column":19},"end":{"line":259,"column":null}},"91":{"start":{"line":260,"column":20},"end":{"line":260,"column":null}},"92":{"start":{"line":262,"column":4},"end":{"line":271,"column":null}},"93":{"start":{"line":264,"column":23},"end":{"line":264,"column":null}},"94":{"start":{"line":264,"column":42},"end":{"line":264,"column":50}},"95":{"start":{"line":265,"column":6},"end":{"line":265,"column":null}},"96":{"start":{"line":266,"column":20},"end":{"line":266,"column":null}},"97":{"start":{"line":267,"column":6},"end":{"line":270,"column":null}},"98":{"start":{"line":268,"column":8},"end":{"line":268,"column":null}},"99":{"start":{"line":269,"column":8},"end":{"line":269,"column":null}},"100":{"start":{"line":273,"column":4},"end":{"line":273,"column":null}},"101":{"start":{"line":280,"column":23},"end":{"line":280,"column":null}},"102":{"start":{"line":282,"column":4},"end":{"line":291,"column":null}},"103":{"start":{"line":284,"column":24},"end":{"line":284,"column":null}},"104":{"start":{"line":285,"column":6},"end":{"line":285,"column":null}},"105":{"start":{"line":288,"column":6},"end":{"line":290,"column":null}},"106":{"start":{"line":289,"column":8},"end":{"line":289,"column":null}},"107":{"start":{"line":293,"column":4},"end":{"line":293,"column":null}},"108":{"start":{"line":304,"column":23},"end":{"line":304,"column":null}},"109":{"start":{"line":305,"column":4},"end":{"line":305,"column":null}},"110":{"start":{"line":305,"column":33},"end":{"line":305,"column":null}},"111":{"start":{"line":307,"column":4},"end":{"line":307,"column":null}},"112":{"start":{"line":309,"column":20},"end":{"line":309,"column":null}},"113":{"start":{"line":310,"column":32},"end":{"line":310,"column":null}},"114":{"start":{"line":312,"column":4},"end":{"line":321,"column":null}},"115":{"start":{"line":313,"column":24},"end":{"line":313,"column":null}},"116":{"start":{"line":314,"column":6},"end":{"line":314,"column":null}},"117":{"start":{"line":316,"column":20},"end":{"line":316,"column":null}},"118":{"start":{"line":317,"column":6},"end":{"line":320,"column":null}},"119":{"start":{"line":318,"column":8},"end":{"line":318,"column":null}},"120":{"start":{"line":319,"column":8},"end":{"line":319,"column":null}},"121":{"start":{"line":323,"column":4},"end":{"line":323,"column":null}},"122":{"start":{"line":324,"column":4},"end":{"line":324,"column":null}},"123":{"start":{"line":331,"column":22},"end":{"line":331,"column":null}},"124":{"start":{"line":332,"column":20},"end":{"line":332,"column":null}},"125":{"start":{"line":334,"column":4},"end":{"line":334,"column":null}},"126":{"start":{"line":337,"column":32},"end":{"line":337,"column":null}},"127":{"start":{"line":338,"column":23},"end":{"line":338,"column":null}},"128":{"start":{"line":339,"column":21},"end":{"line":339,"column":null}},"129":{"start":{"line":341,"column":4},"end":{"line":371,"column":null}},"130":{"start":{"line":342,"column":6},"end":{"line":342,"column":null}},"131":{"start":{"line":344,"column":21},"end":{"line":353,"column":null}},"132":{"start":{"line":355,"column":6},"end":{"line":362,"column":null}},"133":{"start":{"line":356,"column":8},"end":{"line":356,"column":null}},"134":{"start":{"line":357,"column":8},"end":{"line":361,"column":null}},"135":{"start":{"line":365,"column":6},"end":{"line":368,"column":null}},"136":{"start":{"line":366,"column":8},"end":{"line":366,"column":null}},"137":{"start":{"line":367,"column":8},"end":{"line":367,"column":null}},"138":{"start":{"line":370,"column":6},"end":{"line":370,"column":null}},"139":{"start":{"line":373,"column":24},"end":{"line":373,"column":null}},"140":{"start":{"line":374,"column":4},"end":{"line":378,"column":null}},"141":{"start":{"line":380,"column":4},"end":{"line":380,"column":null}},"142":{"start":{"line":397,"column":4},"end":{"line":404,"column":null}},"143":{"start":{"line":398,"column":6},"end":{"line":403,"column":null}},"144":{"start":{"line":407,"column":4},"end":{"line":414,"column":null}},"145":{"start":{"line":408,"column":6},"end":{"line":413,"column":null}},"146":{"start":{"line":417,"column":27},"end":{"line":417,"column":null}},"147":{"start":{"line":419,"column":4},"end":{"line":426,"column":null}},"148":{"start":{"line":420,"column":6},"end":{"line":425,"column":null}},"149":{"start":{"line":428,"column":32},"end":{"line":428,"column":null}},"150":{"start":{"line":429,"column":25},"end":{"line":429,"column":null}},"151":{"start":{"line":431,"column":4},"end":{"line":536,"column":null}},"152":{"start":{"line":432,"column":21},"end":{"line":432,"column":null}},"153":{"start":{"line":434,"column":6},"end":{"line":475,"column":null}},"154":{"start":{"line":435,"column":26},"end":{"line":435,"column":null}},"155":{"start":{"line":436,"column":8},"end":{"line":436,"column":null}},"156":{"start":{"line":439,"column":8},"end":{"line":446,"column":null}},"157":{"start":{"line":440,"column":10},"end":{"line":445,"column":null}},"158":{"start":{"line":448,"column":23},"end":{"line":457,"column":null}},"159":{"start":{"line":459,"column":8},"end":{"line":459,"column":null}},"160":{"start":{"line":461,"column":8},"end":{"line":464,"column":null}},"161":{"start":{"line":462,"column":10},"end":{"line":462,"column":null}},"162":{"start":{"line":463,"column":10},"end":{"line":463,"column":null}},"163":{"start":{"line":466,"column":8},"end":{"line":466,"column":null}},"164":{"start":{"line":467,"column":8},"end":{"line":469,"column":null}},"165":{"start":{"line":468,"column":10},"end":{"line":468,"column":null}},"166":{"start":{"line":472,"column":8},"end":{"line":474,"column":null}},"167":{"start":{"line":473,"column":10},"end":{"line":473,"column":null}},"168":{"start":{"line":477,"column":6},"end":{"line":482,"column":null}},"169":{"start":{"line":484,"column":21},"end":{"line":484,"column":null}},"170":{"start":{"line":485,"column":23},"end":{"line":485,"column":null}},"171":{"start":{"line":487,"column":6},"end":{"line":528,"column":null}},"172":{"start":{"line":488,"column":26},"end":{"line":488,"column":null}},"173":{"start":{"line":489,"column":8},"end":{"line":489,"column":null}},"174":{"start":{"line":492,"column":8},"end":{"line":499,"column":null}},"175":{"start":{"line":493,"column":10},"end":{"line":498,"column":null}},"176":{"start":{"line":501,"column":23},"end":{"line":510,"column":null}},"177":{"start":{"line":512,"column":8},"end":{"line":512,"column":null}},"178":{"start":{"line":514,"column":8},"end":{"line":517,"column":null}},"179":{"start":{"line":515,"column":10},"end":{"line":515,"column":null}},"180":{"start":{"line":516,"column":10},"end":{"line":516,"column":null}},"181":{"start":{"line":519,"column":8},"end":{"line":519,"column":null}},"182":{"start":{"line":520,"column":8},"end":{"line":522,"column":null}},"183":{"start":{"line":521,"column":10},"end":{"line":521,"column":null}},"184":{"start":{"line":525,"column":8},"end":{"line":527,"column":null}},"185":{"start":{"line":526,"column":10},"end":{"line":526,"column":null}},"186":{"start":{"line":530,"column":6},"end":{"line":535,"column":null}},"187":{"start":{"line":547,"column":23},"end":{"line":547,"column":null}},"188":{"start":{"line":550,"column":26},"end":{"line":550,"column":null}},"189":{"start":{"line":552,"column":4},"end":{"line":554,"column":null}},"190":{"start":{"line":553,"column":6},"end":{"line":553,"column":null}},"191":{"start":{"line":557,"column":24},"end":{"line":581,"column":null}},"192":{"start":{"line":558,"column":24},"end":{"line":558,"column":null}},"193":{"start":{"line":559,"column":6},"end":{"line":559,"column":null}},"194":{"start":{"line":562,"column":18},"end":{"line":562,"column":null}},"195":{"start":{"line":565,"column":6},"end":{"line":567,"column":null}},"196":{"start":{"line":566,"column":8},"end":{"line":566,"column":null}},"197":{"start":{"line":570,"column":23},"end":{"line":570,"column":null}},"198":{"start":{"line":571,"column":28},"end":{"line":571,"column":null}},"199":{"start":{"line":572,"column":6},"end":{"line":572,"column":null}},"200":{"start":{"line":573,"column":6},"end":{"line":575,"column":null}},"201":{"start":{"line":574,"column":8},"end":{"line":574,"column":null}},"202":{"start":{"line":578,"column":6},"end":{"line":578,"column":null}},"203":{"start":{"line":580,"column":6},"end":{"line":580,"column":null}},"204":{"start":{"line":584,"column":4},"end":{"line":584,"column":null}},"205":{"start":{"line":584,"column":31},"end":{"line":584,"column":48}},"206":{"start":{"line":585,"column":4},"end":{"line":585,"column":null}},"207":{"start":{"line":585,"column":61},"end":{"line":585,"column":70}},"208":{"start":{"line":596,"column":21},"end":{"line":596,"column":null}},"209":{"start":{"line":598,"column":24},"end":{"line":621,"column":null}},"210":{"start":{"line":599,"column":21},"end":{"line":599,"column":null}},"211":{"start":{"line":602,"column":24},"end":{"line":602,"column":null}},"212":{"start":{"line":603,"column":6},"end":{"line":603,"column":null}},"213":{"start":{"line":606,"column":6},"end":{"line":608,"column":null}},"214":{"start":{"line":607,"column":8},"end":{"line":607,"column":null}},"215":{"start":{"line":611,"column":28},"end":{"line":611,"column":null}},"216":{"start":{"line":612,"column":6},"end":{"line":612,"column":null}},"217":{"start":{"line":613,"column":6},"end":{"line":615,"column":null}},"218":{"start":{"line":614,"column":8},"end":{"line":614,"column":null}},"219":{"start":{"line":618,"column":6},"end":{"line":618,"column":null}},"220":{"start":{"line":620,"column":6},"end":{"line":620,"column":null}},"221":{"start":{"line":623,"column":4},"end":{"line":623,"column":null}},"222":{"start":{"line":623,"column":31},"end":{"line":623,"column":54}},"223":{"start":{"line":624,"column":4},"end":{"line":624,"column":null}},"224":{"start":{"line":624,"column":37},"end":{"line":624,"column":46}},"225":{"start":{"line":631,"column":16},"end":{"line":631,"column":null}},"226":{"start":{"line":632,"column":19},"end":{"line":632,"column":null}},"227":{"start":{"line":635,"column":31},"end":{"line":635,"column":null}},"228":{"start":{"line":636,"column":4},"end":{"line":636,"column":null}},"229":{"start":{"line":639,"column":23},"end":{"line":644,"column":null}},"230":{"start":{"line":645,"column":4},"end":{"line":660,"column":null}},"231":{"start":{"line":646,"column":6},"end":{"line":659,"column":null}},"232":{"start":{"line":646,"column":19},"end":{"line":646,"column":22}},"233":{"start":{"line":647,"column":23},"end":{"line":647,"column":null}},"234":{"start":{"line":648,"column":23},"end":{"line":648,"column":null}},"235":{"start":{"line":650,"column":8},"end":{"line":658,"column":null}},"236":{"start":{"line":657,"column":10},"end":{"line":657,"column":null}},"237":{"start":{"line":662,"column":4},"end":{"line":662,"column":null}},"238":{"start":{"line":669,"column":18},"end":{"line":669,"column":null}},"239":{"start":{"line":670,"column":24},"end":{"line":670,"column":null}},"240":{"start":{"line":671,"column":21},"end":{"line":671,"column":null}},"241":{"start":{"line":674,"column":4},"end":{"line":692,"column":null}},"242":{"start":{"line":674,"column":19},"end":{"line":674,"column":22}},"243":{"start":{"line":675,"column":6},"end":{"line":691,"column":null}},"244":{"start":{"line":675,"column":21},"end":{"line":675,"column":24}},"245":{"start":{"line":677,"column":8},"end":{"line":677,"column":null}},"246":{"start":{"line":678,"column":8},"end":{"line":678,"column":null}},"247":{"start":{"line":681,"column":8},"end":{"line":681,"column":null}},"248":{"start":{"line":682,"column":8},"end":{"line":682,"column":null}},"249":{"start":{"line":685,"column":8},"end":{"line":685,"column":null}},"250":{"start":{"line":686,"column":8},"end":{"line":686,"column":null}},"251":{"start":{"line":689,"column":8},"end":{"line":689,"column":null}},"252":{"start":{"line":690,"column":8},"end":{"line":690,"column":null}},"253":{"start":{"line":695,"column":4},"end":{"line":695,"column":null}},"254":{"start":{"line":702,"column":17},"end":{"line":702,"column":null}},"255":{"start":{"line":704,"column":4},"end":{"line":717,"column":null}},"256":{"start":{"line":707,"column":8},"end":{"line":707,"column":null}},"257":{"start":{"line":711,"column":8},"end":{"line":711,"column":null}},"258":{"start":{"line":716,"column":8},"end":{"line":716,"column":null}},"259":{"start":{"line":731,"column":16},"end":{"line":731,"column":null}},"260":{"start":{"line":732,"column":18},"end":{"line":732,"column":null}},"261":{"start":{"line":735,"column":4},"end":{"line":755,"column":null}},"262":{"start":{"line":735,"column":17},"end":{"line":735,"column":20}},"263":{"start":{"line":736,"column":21},"end":{"line":736,"column":null}},"264":{"start":{"line":737,"column":21},"end":{"line":737,"column":null}},"265":{"start":{"line":739,"column":6},"end":{"line":747,"column":null}},"266":{"start":{"line":745,"column":8},"end":{"line":745,"column":null}},"267":{"start":{"line":746,"column":8},"end":{"line":746,"column":null}},"268":{"start":{"line":749,"column":6},"end":{"line":754,"column":null}},"269":{"start":{"line":750,"column":8},"end":{"line":750,"column":null}},"270":{"start":{"line":751,"column":6},"end":{"line":754,"column":null}},"271":{"start":{"line":752,"column":8},"end":{"line":752,"column":null}},"272":{"start":{"line":753,"column":8},"end":{"line":753,"column":null}},"273":{"start":{"line":758,"column":4},"end":{"line":758,"column":null}},"274":{"start":{"line":758,"column":22},"end":{"line":758,"column":null}},"275":{"start":{"line":761,"column":19},"end":{"line":761,"column":null}},"276":{"start":{"line":762,"column":22},"end":{"line":762,"column":null}},"277":{"start":{"line":765,"column":4},"end":{"line":765,"column":null}},"278":{"start":{"line":777,"column":43},"end":{"line":782,"column":null}},"279":{"start":{"line":784,"column":4},"end":{"line":832,"column":null}},"280":{"start":{"line":785,"column":18},"end":{"line":785,"column":null}},"281":{"start":{"line":788,"column":6},"end":{"line":806,"column":null}},"282":{"start":{"line":788,"column":19},"end":{"line":788,"column":22}},"283":{"start":{"line":789,"column":23},"end":{"line":789,"column":null}},"284":{"start":{"line":790,"column":23},"end":{"line":790,"column":null}},"285":{"start":{"line":792,"column":8},"end":{"line":799,"column":null}},"286":{"start":{"line":798,"column":10},"end":{"line":798,"column":null}},"287":{"start":{"line":801,"column":8},"end":{"line":805,"column":null}},"288":{"start":{"line":802,"column":10},"end":{"line":802,"column":null}},"289":{"start":{"line":804,"column":10},"end":{"line":804,"column":null}},"290":{"start":{"line":809,"column":6},"end":{"line":827,"column":null}},"291":{"start":{"line":809,"column":19},"end":{"line":809,"column":22}},"292":{"start":{"line":810,"column":23},"end":{"line":810,"column":null}},"293":{"start":{"line":811,"column":23},"end":{"line":811,"column":null}},"294":{"start":{"line":813,"column":8},"end":{"line":820,"column":null}},"295":{"start":{"line":819,"column":10},"end":{"line":819,"column":null}},"296":{"start":{"line":822,"column":8},"end":{"line":826,"column":null}},"297":{"start":{"line":823,"column":10},"end":{"line":823,"column":null}},"298":{"start":{"line":825,"column":10},"end":{"line":825,"column":null}},"299":{"start":{"line":829,"column":6},"end":{"line":831,"column":null}},"300":{"start":{"line":830,"column":8},"end":{"line":830,"column":null}},"301":{"start":{"line":834,"column":4},"end":{"line":834,"column":null}},"302":{"start":{"line":841,"column":31},"end":{"line":841,"column":null}},"303":{"start":{"line":843,"column":4},"end":{"line":849,"column":null}},"304":{"start":{"line":843,"column":19},"end":{"line":843,"column":22}},"305":{"start":{"line":844,"column":6},"end":{"line":848,"column":null}},"306":{"start":{"line":844,"column":21},"end":{"line":844,"column":24}},"307":{"start":{"line":845,"column":8},"end":{"line":847,"column":null}},"308":{"start":{"line":846,"column":10},"end":{"line":846,"column":null}},"309":{"start":{"line":851,"column":4},"end":{"line":851,"column":null}},"310":{"start":{"line":858,"column":22},"end":{"line":858,"column":null}},"311":{"start":{"line":861,"column":4},"end":{"line":864,"column":null}},"312":{"start":{"line":862,"column":21},"end":{"line":862,"column":null}},"313":{"start":{"line":863,"column":6},"end":{"line":863,"column":null}},"314":{"start":{"line":867,"column":4},"end":{"line":884,"column":null}},"315":{"start":{"line":868,"column":21},"end":{"line":868,"column":null}},"316":{"start":{"line":869,"column":34},"end":{"line":869,"column":null}},"317":{"start":{"line":870,"column":6},"end":{"line":882,"column":null}},"318":{"start":{"line":870,"column":21},"end":{"line":870,"column":33}},"319":{"start":{"line":871,"column":8},"end":{"line":881,"column":null}},"320":{"start":{"line":871,"column":23},"end":{"line":871,"column":35}},"321":{"start":{"line":872,"column":10},"end":{"line":880,"column":null}},"322":{"start":{"line":879,"column":12},"end":{"line":879,"column":null}},"323":{"start":{"line":883,"column":6},"end":{"line":883,"column":null}},"324":{"start":{"line":886,"column":36},"end":{"line":886,"column":null}},"325":{"start":{"line":888,"column":21},"end":{"line":888,"column":null}},"326":{"start":{"line":890,"column":4},"end":{"line":920,"column":null}},"327":{"start":{"line":890,"column":19},"end":{"line":890,"column":22}},"328":{"start":{"line":891,"column":6},"end":{"line":919,"column":null}},"329":{"start":{"line":891,"column":21},"end":{"line":891,"column":24}},"330":{"start":{"line":892,"column":8},"end":{"line":918,"column":null}},"331":{"start":{"line":894,"column":31},"end":{"line":894,"column":null}},"332":{"start":{"line":895,"column":10},"end":{"line":913,"column":null}},"333":{"start":{"line":895,"column":24},"end":{"line":895,"column":35}},"334":{"start":{"line":896,"column":12},"end":{"line":911,"column":null}},"335":{"start":{"line":896,"column":26},"end":{"line":896,"column":37}},"336":{"start":{"line":897,"column":14},"end":{"line":897,"column":null}},"337":{"start":{"line":897,"column":40},"end":{"line":897,"column":null}},"338":{"start":{"line":899,"column":29},"end":{"line":899,"column":null}},"339":{"start":{"line":900,"column":29},"end":{"line":900,"column":null}},"340":{"start":{"line":901,"column":14},"end":{"line":910,"column":null}},"341":{"start":{"line":908,"column":16},"end":{"line":908,"column":null}},"342":{"start":{"line":909,"column":16},"end":{"line":909,"column":null}},"343":{"start":{"line":912,"column":12},"end":{"line":912,"column":null}},"344":{"start":{"line":912,"column":32},"end":{"line":912,"column":null}},"345":{"start":{"line":915,"column":10},"end":{"line":917,"column":null}},"346":{"start":{"line":916,"column":12},"end":{"line":916,"column":null}},"347":{"start":{"line":922,"column":4},"end":{"line":924,"column":null}},"348":{"start":{"line":927,"column":4},"end":{"line":929,"column":null}},"349":{"start":{"line":928,"column":6},"end":{"line":928,"column":null}},"350":{"start":{"line":932,"column":4},"end":{"line":947,"column":null}},"351":{"start":{"line":933,"column":21},"end":{"line":933,"column":null}},"352":{"start":{"line":934,"column":6},"end":{"line":946,"column":null}},"353":{"start":{"line":934,"column":21},"end":{"line":934,"column":33}},"354":{"start":{"line":935,"column":8},"end":{"line":945,"column":null}},"355":{"start":{"line":935,"column":23},"end":{"line":935,"column":35}},"356":{"start":{"line":936,"column":10},"end":{"line":944,"column":null}},"357":{"start":{"line":943,"column":12},"end":{"line":943,"column":null}},"358":{"start":{"line":949,"column":4},"end":{"line":949,"column":null}},"359":{"start":{"line":960,"column":19},"end":{"line":963,"column":null}},"360":{"start":{"line":960,"column":45},"end":{"line":963,"column":6}},"361":{"start":{"line":965,"column":4},"end":{"line":965,"column":null}},"362":{"start":{"line":965,"column":26},"end":{"line":965,"column":43}},"363":{"start":{"line":966,"column":4},"end":{"line":966,"column":null}},"364":{"start":{"line":966,"column":51},"end":{"line":966,"column":60}},"365":{"start":{"line":973,"column":4},"end":{"line":973,"column":null}},"366":{"start":{"line":973,"column":30},"end":{"line":973,"column":38}},"367":{"start":{"line":980,"column":16},"end":{"line":980,"column":null}},"368":{"start":{"line":981,"column":4},"end":{"line":987,"column":null}},"369":{"start":{"line":981,"column":19},"end":{"line":981,"column":22}},"370":{"start":{"line":982,"column":6},"end":{"line":986,"column":null}},"371":{"start":{"line":982,"column":21},"end":{"line":982,"column":24}},"372":{"start":{"line":983,"column":8},"end":{"line":985,"column":null}},"373":{"start":{"line":984,"column":10},"end":{"line":984,"column":null}},"374":{"start":{"line":988,"column":4},"end":{"line":988,"column":null}},"375":{"start":{"line":995,"column":4},"end":{"line":997,"column":null}},"376":{"start":{"line":996,"column":6},"end":{"line":996,"column":null}},"377":{"start":{"line":1004,"column":4},"end":{"line":1004,"column":null}},"378":{"start":{"line":1011,"column":4},"end":{"line":1011,"column":null}},"379":{"start":{"line":1018,"column":4},"end":{"line":1018,"column":null}},"380":{"start":{"line":1028,"column":23},"end":{"line":1028,"column":null}},"381":{"start":{"line":1030,"column":4},"end":{"line":1063,"column":null}},"382":{"start":{"line":1031,"column":24},"end":{"line":1031,"column":null}},"383":{"start":{"line":1032,"column":6},"end":{"line":1032,"column":null}},"384":{"start":{"line":1035,"column":24},"end":{"line":1035,"column":null}},"385":{"start":{"line":1036,"column":45},"end":{"line":1041,"column":null}},"386":{"start":{"line":1043,"column":6},"end":{"line":1056,"column":null}},"387":{"start":{"line":1044,"column":26},"end":{"line":1051,"column":null}},"388":{"start":{"line":1053,"column":8},"end":{"line":1055,"column":null}},"389":{"start":{"line":1054,"column":10},"end":{"line":1054,"column":null}},"390":{"start":{"line":1059,"column":6},"end":{"line":1062,"column":null}},"391":{"start":{"line":1060,"column":8},"end":{"line":1060,"column":null}},"392":{"start":{"line":1061,"column":8},"end":{"line":1061,"column":null}},"393":{"start":{"line":1065,"column":4},"end":{"line":1065,"column":null}},"394":{"start":{"line":1075,"column":23},"end":{"line":1075,"column":null}},"395":{"start":{"line":1077,"column":4},"end":{"line":1104,"column":null}},"396":{"start":{"line":1078,"column":24},"end":{"line":1078,"column":null}},"397":{"start":{"line":1079,"column":6},"end":{"line":1079,"column":null}},"398":{"start":{"line":1082,"column":45},"end":{"line":1087,"column":null}},"399":{"start":{"line":1089,"column":6},"end":{"line":1103,"column":null}},"400":{"start":{"line":1090,"column":26},"end":{"line":1097,"column":null}},"401":{"start":{"line":1099,"column":8},"end":{"line":1102,"column":null}},"402":{"start":{"line":1100,"column":10},"end":{"line":1100,"column":null}},"403":{"start":{"line":1101,"column":10},"end":{"line":1101,"column":null}},"404":{"start":{"line":1106,"column":4},"end":{"line":1106,"column":null}},"405":{"start":{"line":1116,"column":23},"end":{"line":1116,"column":null}},"406":{"start":{"line":1117,"column":39},"end":{"line":1117,"column":null}},"407":{"start":{"line":1118,"column":29},"end":{"line":1118,"column":null}},"408":{"start":{"line":1120,"column":4},"end":{"line":1153,"column":null}},"409":{"start":{"line":1121,"column":24},"end":{"line":1121,"column":null}},"410":{"start":{"line":1122,"column":6},"end":{"line":1122,"column":null}},"411":{"start":{"line":1125,"column":45},"end":{"line":1130,"column":null}},"412":{"start":{"line":1131,"column":32},"end":{"line":1131,"column":null}},"413":{"start":{"line":1133,"column":6},"end":{"line":1143,"column":null}},"414":{"start":{"line":1134,"column":26},"end":{"line":1141,"column":null}},"415":{"start":{"line":1142,"column":8},"end":{"line":1142,"column":null}},"416":{"start":{"line":1146,"column":6},"end":{"line":1152,"column":null}},"417":{"start":{"line":1150,"column":8},"end":{"line":1150,"column":null}},"418":{"start":{"line":1151,"column":8},"end":{"line":1151,"column":null}},"419":{"start":{"line":1155,"column":4},"end":{"line":1160,"column":null}},"420":{"start":{"line":1156,"column":6},"end":{"line":1159,"column":null}},"421":{"start":{"line":1162,"column":4},"end":{"line":1162,"column":null}}},"fnMap":{"0":{"name":"(anonymous_0)","decl":{"start":{"line":13,"column":2},"end":{"line":13,"column":14}},"loc":{"start":{"line":13,"column":73},"end":{"line":17,"column":null}}},"1":{"name":"(anonymous_1)","decl":{"start":{"line":22,"column":2},"end":{"line":22,"column":15}},"loc":{"start":{"line":25,"column":26},"end":{"line":72,"column":null}}},"2":{"name":"(anonymous_2)","decl":{"start":{"line":77,"column":10},"end":{"line":77,"column":22}},"loc":{"start":{"line":77,"column":69},"end":{"line":96,"column":null}}},"3":{"name":"(anonymous_3)","decl":{"start":{"line":101,"column":10},"end":{"line":101,"column":24}},"loc":{"start":{"line":101,"column":71},"end":{"line":103,"column":null}}},"4":{"name":"(anonymous_4)","decl":{"start":{"line":108,"column":10},"end":{"line":108,"column":33}},"loc":{"start":{"line":108,"column":73},"end":{"line":120,"column":null}}},"5":{"name":"(anonymous_5)","decl":{"start":{"line":125,"column":10},"end":{"line":125,"column":null}},"loc":{"start":{"line":129,"column":17},"end":{"line":155,"column":null}}},"6":{"name":"(anonymous_6)","decl":{"start":{"line":160,"column":10},"end":{"line":160,"column":null}},"loc":{"start":{"line":165,"column":17},"end":{"line":186,"column":null}}},"7":{"name":"(anonymous_7)","decl":{"start":{"line":191,"column":10},"end":{"line":191,"column":null}},"loc":{"start":{"line":196,"column":17},"end":{"line":217,"column":null}}},"8":{"name":"(anonymous_8)","decl":{"start":{"line":222,"column":10},"end":{"line":222,"column":null}},"loc":{"start":{"line":227,"column":17},"end":{"line":241,"column":null}}},"9":{"name":"(anonymous_9)","decl":{"start":{"line":246,"column":10},"end":{"line":246,"column":24}},"loc":{"start":{"line":246,"column":64},"end":{"line":274,"column":null}}},"10":{"name":"(anonymous_10)","decl":{"start":{"line":264,"column":33},"end":{"line":264,"column":34}},"loc":{"start":{"line":264,"column":42},"end":{"line":264,"column":50}}},"11":{"name":"(anonymous_11)","decl":{"start":{"line":279,"column":10},"end":{"line":279,"column":26}},"loc":{"start":{"line":279,"column":73},"end":{"line":294,"column":null}}},"12":{"name":"(anonymous_12)","decl":{"start":{"line":299,"column":10},"end":{"line":299,"column":null}},"loc":{"start":{"line":303,"column":17},"end":{"line":325,"column":null}}},"13":{"name":"(anonymous_13)","decl":{"start":{"line":330,"column":10},"end":{"line":330,"column":31}},"loc":{"start":{"line":330,"column":78},"end":{"line":381,"column":null}}},"14":{"name":"(anonymous_14)","decl":{"start":{"line":386,"column":10},"end":{"line":386,"column":null}},"loc":{"start":{"line":395,"column":22},"end":{"line":537,"column":null}}},"15":{"name":"(anonymous_15)","decl":{"start":{"line":542,"column":10},"end":{"line":542,"column":null}},"loc":{"start":{"line":546,"column":12},"end":{"line":586,"column":null}}},"16":{"name":"(anonymous_16)","decl":{"start":{"line":557,"column":39},"end":{"line":557,"column":40}},"loc":{"start":{"line":557,"column":49},"end":{"line":581,"column":5}}},"17":{"name":"(anonymous_17)","decl":{"start":{"line":584,"column":21},"end":{"line":584,"column":22}},"loc":{"start":{"line":584,"column":31},"end":{"line":584,"column":48}}},"18":{"name":"(anonymous_18)","decl":{"start":{"line":585,"column":51},"end":{"line":585,"column":52}},"loc":{"start":{"line":585,"column":61},"end":{"line":585,"column":70}}},"19":{"name":"(anonymous_19)","decl":{"start":{"line":591,"column":10},"end":{"line":591,"column":null}},"loc":{"start":{"line":595,"column":12},"end":{"line":625,"column":null}}},"20":{"name":"(anonymous_20)","decl":{"start":{"line":598,"column":34},"end":{"line":598,"column":35}},"loc":{"start":{"line":598,"column":44},"end":{"line":621,"column":5}}},"21":{"name":"(anonymous_21)","decl":{"start":{"line":623,"column":21},"end":{"line":623,"column":22}},"loc":{"start":{"line":623,"column":31},"end":{"line":623,"column":54}}},"22":{"name":"(anonymous_22)","decl":{"start":{"line":624,"column":27},"end":{"line":624,"column":28}},"loc":{"start":{"line":624,"column":37},"end":{"line":624,"column":46}}},"23":{"name":"(anonymous_23)","decl":{"start":{"line":630,"column":10},"end":{"line":630,"column":27}},"loc":{"start":{"line":630,"column":79},"end":{"line":663,"column":null}}},"24":{"name":"(anonymous_24)","decl":{"start":{"line":668,"column":10},"end":{"line":668,"column":27}},"loc":{"start":{"line":668,"column":69},"end":{"line":696,"column":null}}},"25":{"name":"(anonymous_25)","decl":{"start":{"line":701,"column":10},"end":{"line":701,"column":29}},"loc":{"start":{"line":701,"column":77},"end":{"line":718,"column":null}}},"26":{"name":"(anonymous_26)","decl":{"start":{"line":723,"column":10},"end":{"line":723,"column":null}},"loc":{"start":{"line":730,"column":12},"end":{"line":766,"column":null}}},"27":{"name":"(anonymous_27)","decl":{"start":{"line":771,"column":10},"end":{"line":771,"column":null}},"loc":{"start":{"line":776,"column":13},"end":{"line":835,"column":null}}},"28":{"name":"(anonymous_28)","decl":{"start":{"line":840,"column":10},"end":{"line":840,"column":24}},"loc":{"start":{"line":840,"column":50},"end":{"line":852,"column":null}}},"29":{"name":"(anonymous_29)","decl":{"start":{"line":857,"column":10},"end":{"line":857,"column":34}},"loc":{"start":{"line":857,"column":60},"end":{"line":950,"column":null}}},"30":{"name":"(anonymous_30)","decl":{"start":{"line":955,"column":10},"end":{"line":955,"column":null}},"loc":{"start":{"line":959,"column":12},"end":{"line":967,"column":null}}},"31":{"name":"(anonymous_31)","decl":{"start":{"line":960,"column":34},"end":{"line":960,"column":35}},"loc":{"start":{"line":960,"column":45},"end":{"line":963,"column":6}}},"32":{"name":"(anonymous_32)","decl":{"start":{"line":965,"column":16},"end":{"line":965,"column":17}},"loc":{"start":{"line":965,"column":26},"end":{"line":965,"column":43}}},"33":{"name":"(anonymous_33)","decl":{"start":{"line":966,"column":41},"end":{"line":966,"column":42}},"loc":{"start":{"line":966,"column":51},"end":{"line":966,"column":60}}},"34":{"name":"(anonymous_34)","decl":{"start":{"line":972,"column":10},"end":{"line":972,"column":20}},"loc":{"start":{"line":972,"column":49},"end":{"line":974,"column":null}}},"35":{"name":"(anonymous_35)","decl":{"start":{"line":973,"column":21},"end":{"line":973,"column":22}},"loc":{"start":{"line":973,"column":30},"end":{"line":973,"column":38}}},"36":{"name":"(anonymous_36)","decl":{"start":{"line":979,"column":10},"end":{"line":979,"column":23}},"loc":{"start":{"line":979,"column":49},"end":{"line":989,"column":null}}},"37":{"name":"(anonymous_37)","decl":{"start":{"line":994,"column":2},"end":{"line":994,"column":16}},"loc":{"start":{"line":994,"column":50},"end":{"line":998,"column":null}}},"38":{"name":"(anonymous_38)","decl":{"start":{"line":995,"column":23},"end":{"line":995,"column":24}},"loc":{"start":{"line":995,"column":36},"end":{"line":997,"column":5}}},"39":{"name":"(anonymous_39)","decl":{"start":{"line":1003,"column":9},"end":{"line":1003,"column":22}},"loc":{"start":{"line":1003,"column":58},"end":{"line":1005,"column":null}}},"40":{"name":"(anonymous_40)","decl":{"start":{"line":1010,"column":9},"end":{"line":1010,"column":25}},"loc":{"start":{"line":1010,"column":50},"end":{"line":1012,"column":null}}},"41":{"name":"(anonymous_41)","decl":{"start":{"line":1017,"column":9},"end":{"line":1017,"column":28}},"loc":{"start":{"line":1017,"column":56},"end":{"line":1019,"column":null}}},"42":{"name":"(anonymous_42)","decl":{"start":{"line":1024,"column":10},"end":{"line":1024,"column":null}},"loc":{"start":{"line":1027,"column":17},"end":{"line":1066,"column":null}}},"43":{"name":"(anonymous_43)","decl":{"start":{"line":1071,"column":10},"end":{"line":1071,"column":null}},"loc":{"start":{"line":1074,"column":17},"end":{"line":1107,"column":null}}},"44":{"name":"(anonymous_44)","decl":{"start":{"line":1112,"column":10},"end":{"line":1112,"column":null}},"loc":{"start":{"line":1115,"column":17},"end":{"line":1163,"column":null}}}},"branchMap":{"0":{"loc":{"start":{"line":40,"column":6},"end":{"line":53,"column":null}},"type":"switch","locations":[{"start":{"line":41,"column":8},"end":{"line":43,"column":null}},{"start":{"line":44,"column":8},"end":{"line":46,"column":null}},{"start":{"line":47,"column":8},"end":{"line":49,"column":null}},{"start":{"line":50,"column":8},"end":{"line":52,"column":null}}]},"1":{"loc":{"start":{"line":67,"column":4},"end":{"line":69,"column":null}},"type":"if","locations":[{"start":{"line":67,"column":4},"end":{"line":69,"column":null}},{"start":{},"end":{}}]},"2":{"loc":{"start":{"line":79,"column":4},"end":{"line":79,"column":null}},"type":"if","locations":[{"start":{"line":79,"column":4},"end":{"line":79,"column":null}},{"start":{},"end":{}}]},"3":{"loc":{"start":{"line":82,"column":4},"end":{"line":91,"column":null}},"type":"if","locations":[{"start":{"line":82,"column":4},"end":{"line":91,"column":null}},{"start":{},"end":{}}]},"4":{"loc":{"start":{"line":85,"column":6},"end":{"line":85,"column":null}},"type":"if","locations":[{"start":{"line":85,"column":6},"end":{"line":85,"column":null}},{"start":{},"end":{}}]},"5":{"loc":{"start":{"line":88,"column":23},"end":{"line":88,"column":null}},"type":"cond-expr","locations":[{"start":{"line":88,"column":38},"end":{"line":88,"column":42}},{"start":{"line":88,"column":42},"end":{"line":88,"column":null}}]},"6":{"loc":{"start":{"line":90,"column":6},"end":{"line":90,"column":null}},"type":"if","locations":[{"start":{"line":90,"column":6},"end":{"line":90,"column":null}},{"start":{},"end":{}}]},"7":{"loc":{"start":{"line":115,"column":13},"end":{"line":115,"column":null}},"type":"binary-expr","locations":[{"start":{"line":115,"column":13},"end":{"line":115,"column":21}},{"start":{"line":115,"column":21},"end":{"line":115,"column":null}}]},"8":{"loc":{"start":{"line":130,"column":21},"end":{"line":130,"column":null}},"type":"cond-expr","locations":[{"start":{"line":130,"column":36},"end":{"line":130,"column":40}},{"start":{"line":130,"column":40},"end":{"line":130,"column":null}}]},"9":{"loc":{"start":{"line":135,"column":4},"end":{"line":138,"column":null}},"type":"if","locations":[{"start":{"line":135,"column":4},"end":{"line":138,"column":null}},{"start":{},"end":{}}]},"10":{"loc":{"start":{"line":141,"column":4},"end":{"line":154,"column":null}},"type":"switch","locations":[{"start":{"line":142,"column":6},"end":{"line":144,"column":null}},{"start":{"line":146,"column":6},"end":{"line":148,"column":null}},{"start":{"line":150,"column":6},"end":{"line":150,"column":null}},{"start":{"line":151,"column":6},"end":{"line":153,"column":null}}]},"11":{"loc":{"start":{"line":170,"column":4},"end":{"line":173,"column":null}},"type":"if","locations":[{"start":{"line":170,"column":4},"end":{"line":173,"column":null}},{"start":{},"end":{}}]},"12":{"loc":{"start":{"line":177,"column":4},"end":{"line":180,"column":null}},"type":"if","locations":[{"start":{"line":177,"column":4},"end":{"line":180,"column":null}},{"start":{},"end":{}}]},"13":{"loc":{"start":{"line":183,"column":11},"end":{"line":185,"column":null}},"type":"cond-expr","locations":[{"start":{"line":184,"column":8},"end":{"line":184,"column":null}},{"start":{"line":185,"column":8},"end":{"line":185,"column":null}}]},"14":{"loc":{"start":{"line":201,"column":4},"end":{"line":204,"column":null}},"type":"if","locations":[{"start":{"line":201,"column":4},"end":{"line":204,"column":null}},{"start":{},"end":{}}]},"15":{"loc":{"start":{"line":208,"column":4},"end":{"line":211,"column":null}},"type":"if","locations":[{"start":{"line":208,"column":4},"end":{"line":211,"column":null}},{"start":{},"end":{}}]},"16":{"loc":{"start":{"line":214,"column":11},"end":{"line":216,"column":null}},"type":"cond-expr","locations":[{"start":{"line":215,"column":8},"end":{"line":215,"column":null}},{"start":{"line":216,"column":8},"end":{"line":216,"column":null}}]},"17":{"loc":{"start":{"line":232,"column":4},"end":{"line":235,"column":null}},"type":"if","locations":[{"start":{"line":232,"column":4},"end":{"line":235,"column":null}},{"start":{},"end":{}}]},"18":{"loc":{"start":{"line":238,"column":11},"end":{"line":240,"column":null}},"type":"cond-expr","locations":[{"start":{"line":239,"column":8},"end":{"line":239,"column":null}},{"start":{"line":240,"column":8},"end":{"line":240,"column":null}}]},"19":{"loc":{"start":{"line":251,"column":4},"end":{"line":251,"column":null}},"type":"if","locations":[{"start":{"line":251,"column":4},"end":{"line":251,"column":null}},{"start":{},"end":{}}]},"20":{"loc":{"start":{"line":254,"column":50},"end":{"line":254,"column":70}},"type":"cond-expr","locations":[{"start":{"line":254,"column":65},"end":{"line":254,"column":69}},{"start":{"line":254,"column":69},"end":{"line":254,"column":70}}]},"21":{"loc":{"start":{"line":255,"column":4},"end":{"line":255,"column":null}},"type":"if","locations":[{"start":{"line":255,"column":4},"end":{"line":255,"column":null}},{"start":{},"end":{}}]},"22":{"loc":{"start":{"line":267,"column":6},"end":{"line":270,"column":null}},"type":"if","locations":[{"start":{"line":267,"column":6},"end":{"line":270,"column":null}},{"start":{},"end":{}}]},"23":{"loc":{"start":{"line":288,"column":6},"end":{"line":290,"column":null}},"type":"if","locations":[{"start":{"line":288,"column":6},"end":{"line":290,"column":null}},{"start":{},"end":{}}]},"24":{"loc":{"start":{"line":305,"column":4},"end":{"line":305,"column":null}},"type":"if","locations":[{"start":{"line":305,"column":4},"end":{"line":305,"column":null}},{"start":{},"end":{}}]},"25":{"loc":{"start":{"line":317,"column":6},"end":{"line":320,"column":null}},"type":"if","locations":[{"start":{"line":317,"column":6},"end":{"line":320,"column":null}},{"start":{},"end":{}}]},"26":{"loc":{"start":{"line":341,"column":11},"end":{"line":341,"column":79}},"type":"binary-expr","locations":[{"start":{"line":341,"column":11},"end":{"line":341,"column":39}},{"start":{"line":341,"column":39},"end":{"line":341,"column":79}}]},"27":{"loc":{"start":{"line":355,"column":6},"end":{"line":362,"column":null}},"type":"if","locations":[{"start":{"line":355,"column":6},"end":{"line":362,"column":null}},{"start":{},"end":{}}]},"28":{"loc":{"start":{"line":365,"column":6},"end":{"line":368,"column":null}},"type":"if","locations":[{"start":{"line":365,"column":6},"end":{"line":368,"column":null}},{"start":{},"end":{}}]},"29":{"loc":{"start":{"line":397,"column":4},"end":{"line":404,"column":null}},"type":"if","locations":[{"start":{"line":397,"column":4},"end":{"line":404,"column":null}},{"start":{},"end":{}}]},"30":{"loc":{"start":{"line":407,"column":4},"end":{"line":414,"column":null}},"type":"if","locations":[{"start":{"line":407,"column":4},"end":{"line":414,"column":null}},{"start":{},"end":{}}]},"31":{"loc":{"start":{"line":419,"column":4},"end":{"line":426,"column":null}},"type":"if","locations":[{"start":{"line":419,"column":4},"end":{"line":426,"column":null}},{"start":{},"end":{}}]},"32":{"loc":{"start":{"line":431,"column":4},"end":{"line":536,"column":null}},"type":"if","locations":[{"start":{"line":431,"column":4},"end":{"line":536,"column":null}},{"start":{"line":483,"column":11},"end":{"line":536,"column":null}}]},"33":{"loc":{"start":{"line":439,"column":8},"end":{"line":446,"column":null}},"type":"if","locations":[{"start":{"line":439,"column":8},"end":{"line":446,"column":null}},{"start":{},"end":{}}]},"34":{"loc":{"start":{"line":461,"column":8},"end":{"line":464,"column":null}},"type":"if","locations":[{"start":{"line":461,"column":8},"end":{"line":464,"column":null}},{"start":{},"end":{}}]},"35":{"loc":{"start":{"line":467,"column":8},"end":{"line":469,"column":null}},"type":"if","locations":[{"start":{"line":467,"column":8},"end":{"line":469,"column":null}},{"start":{},"end":{}}]},"36":{"loc":{"start":{"line":472,"column":8},"end":{"line":474,"column":null}},"type":"if","locations":[{"start":{"line":472,"column":8},"end":{"line":474,"column":null}},{"start":{},"end":{}}]},"37":{"loc":{"start":{"line":485,"column":23},"end":{"line":485,"column":null}},"type":"cond-expr","locations":[{"start":{"line":485,"column":38},"end":{"line":485,"column":42}},{"start":{"line":485,"column":42},"end":{"line":485,"column":null}}]},"38":{"loc":{"start":{"line":492,"column":8},"end":{"line":499,"column":null}},"type":"if","locations":[{"start":{"line":492,"column":8},"end":{"line":499,"column":null}},{"start":{},"end":{}}]},"39":{"loc":{"start":{"line":514,"column":8},"end":{"line":517,"column":null}},"type":"if","locations":[{"start":{"line":514,"column":8},"end":{"line":517,"column":null}},{"start":{},"end":{}}]},"40":{"loc":{"start":{"line":520,"column":8},"end":{"line":522,"column":null}},"type":"if","locations":[{"start":{"line":520,"column":8},"end":{"line":522,"column":null}},{"start":{},"end":{}}]},"41":{"loc":{"start":{"line":525,"column":8},"end":{"line":527,"column":null}},"type":"if","locations":[{"start":{"line":525,"column":8},"end":{"line":527,"column":null}},{"start":{},"end":{}}]},"42":{"loc":{"start":{"line":550,"column":26},"end":{"line":550,"column":null}},"type":"cond-expr","locations":[{"start":{"line":550,"column":39},"end":{"line":550,"column":43}},{"start":{"line":550,"column":43},"end":{"line":550,"column":null}}]},"43":{"loc":{"start":{"line":550,"column":43},"end":{"line":550,"column":null}},"type":"cond-expr","locations":[{"start":{"line":550,"column":56},"end":{"line":550,"column":61}},{"start":{"line":550,"column":61},"end":{"line":550,"column":null}}]},"44":{"loc":{"start":{"line":552,"column":4},"end":{"line":554,"column":null}},"type":"if","locations":[{"start":{"line":552,"column":4},"end":{"line":554,"column":null}},{"start":{},"end":{}}]},"45":{"loc":{"start":{"line":565,"column":6},"end":{"line":567,"column":null}},"type":"if","locations":[{"start":{"line":565,"column":6},"end":{"line":567,"column":null}},{"start":{},"end":{}}]},"46":{"loc":{"start":{"line":570,"column":23},"end":{"line":570,"column":null}},"type":"cond-expr","locations":[{"start":{"line":570,"column":38},"end":{"line":570,"column":42}},{"start":{"line":570,"column":42},"end":{"line":570,"column":null}}]},"47":{"loc":{"start":{"line":573,"column":6},"end":{"line":575,"column":null}},"type":"if","locations":[{"start":{"line":573,"column":6},"end":{"line":575,"column":null}},{"start":{},"end":{}}]},"48":{"loc":{"start":{"line":596,"column":21},"end":{"line":596,"column":null}},"type":"cond-expr","locations":[{"start":{"line":596,"column":36},"end":{"line":596,"column":40}},{"start":{"line":596,"column":40},"end":{"line":596,"column":null}}]},"49":{"loc":{"start":{"line":606,"column":6},"end":{"line":608,"column":null}},"type":"if","locations":[{"start":{"line":606,"column":6},"end":{"line":608,"column":null}},{"start":{},"end":{}}]},"50":{"loc":{"start":{"line":613,"column":6},"end":{"line":615,"column":null}},"type":"if","locations":[{"start":{"line":613,"column":6},"end":{"line":615,"column":null}},{"start":{},"end":{}}]},"51":{"loc":{"start":{"line":650,"column":8},"end":{"line":658,"column":null}},"type":"if","locations":[{"start":{"line":650,"column":8},"end":{"line":658,"column":null}},{"start":{},"end":{}}]},"52":{"loc":{"start":{"line":651,"column":10},"end":{"line":655,"column":null}},"type":"binary-expr","locations":[{"start":{"line":651,"column":10},"end":{"line":651,"column":null}},{"start":{"line":652,"column":10},"end":{"line":652,"column":null}},{"start":{"line":653,"column":10},"end":{"line":653,"column":null}},{"start":{"line":654,"column":10},"end":{"line":654,"column":null}},{"start":{"line":655,"column":10},"end":{"line":655,"column":null}}]},"53":{"loc":{"start":{"line":671,"column":21},"end":{"line":671,"column":null}},"type":"cond-expr","locations":[{"start":{"line":671,"column":36},"end":{"line":671,"column":40}},{"start":{"line":671,"column":40},"end":{"line":671,"column":null}}]},"54":{"loc":{"start":{"line":704,"column":4},"end":{"line":717,"column":null}},"type":"switch","locations":[{"start":{"line":705,"column":6},"end":{"line":707,"column":null}},{"start":{"line":709,"column":6},"end":{"line":711,"column":null}},{"start":{"line":713,"column":6},"end":{"line":713,"column":null}},{"start":{"line":714,"column":6},"end":{"line":716,"column":null}}]},"55":{"loc":{"start":{"line":739,"column":6},"end":{"line":747,"column":null}},"type":"if","locations":[{"start":{"line":739,"column":6},"end":{"line":747,"column":null}},{"start":{},"end":{}}]},"56":{"loc":{"start":{"line":740,"column":8},"end":{"line":743,"column":null}},"type":"binary-expr","locations":[{"start":{"line":740,"column":8},"end":{"line":740,"column":null}},{"start":{"line":741,"column":8},"end":{"line":741,"column":null}},{"start":{"line":742,"column":8},"end":{"line":742,"column":null}},{"start":{"line":743,"column":8},"end":{"line":743,"column":null}}]},"57":{"loc":{"start":{"line":749,"column":6},"end":{"line":754,"column":null}},"type":"if","locations":[{"start":{"line":749,"column":6},"end":{"line":754,"column":null}},{"start":{"line":751,"column":6},"end":{"line":754,"column":null}}]},"58":{"loc":{"start":{"line":751,"column":6},"end":{"line":754,"column":null}},"type":"if","locations":[{"start":{"line":751,"column":6},"end":{"line":754,"column":null}},{"start":{},"end":{}}]},"59":{"loc":{"start":{"line":758,"column":4},"end":{"line":758,"column":null}},"type":"if","locations":[{"start":{"line":758,"column":4},"end":{"line":758,"column":null}},{"start":{},"end":{}}]},"60":{"loc":{"start":{"line":765,"column":11},"end":{"line":765,"column":null}},"type":"cond-expr","locations":[{"start":{"line":765,"column":27},"end":{"line":765,"column":43}},{"start":{"line":765,"column":43},"end":{"line":765,"column":null}}]},"61":{"loc":{"start":{"line":792,"column":8},"end":{"line":799,"column":null}},"type":"if","locations":[{"start":{"line":792,"column":8},"end":{"line":799,"column":null}},{"start":{},"end":{}}]},"62":{"loc":{"start":{"line":793,"column":10},"end":{"line":796,"column":null}},"type":"binary-expr","locations":[{"start":{"line":793,"column":10},"end":{"line":793,"column":null}},{"start":{"line":794,"column":10},"end":{"line":794,"column":null}},{"start":{"line":795,"column":10},"end":{"line":795,"column":null}},{"start":{"line":796,"column":10},"end":{"line":796,"column":null}}]},"63":{"loc":{"start":{"line":801,"column":8},"end":{"line":805,"column":null}},"type":"if","locations":[{"start":{"line":801,"column":8},"end":{"line":805,"column":null}},{"start":{"line":803,"column":15},"end":{"line":805,"column":null}}]},"64":{"loc":{"start":{"line":813,"column":8},"end":{"line":820,"column":null}},"type":"if","locations":[{"start":{"line":813,"column":8},"end":{"line":820,"column":null}},{"start":{},"end":{}}]},"65":{"loc":{"start":{"line":814,"column":10},"end":{"line":817,"column":null}},"type":"binary-expr","locations":[{"start":{"line":814,"column":10},"end":{"line":814,"column":null}},{"start":{"line":815,"column":10},"end":{"line":815,"column":null}},{"start":{"line":816,"column":10},"end":{"line":816,"column":null}},{"start":{"line":817,"column":10},"end":{"line":817,"column":null}}]},"66":{"loc":{"start":{"line":822,"column":8},"end":{"line":826,"column":null}},"type":"if","locations":[{"start":{"line":822,"column":8},"end":{"line":826,"column":null}},{"start":{"line":824,"column":15},"end":{"line":826,"column":null}}]},"67":{"loc":{"start":{"line":829,"column":6},"end":{"line":831,"column":null}},"type":"if","locations":[{"start":{"line":829,"column":6},"end":{"line":831,"column":null}},{"start":{},"end":{}}]},"68":{"loc":{"start":{"line":845,"column":8},"end":{"line":847,"column":null}},"type":"if","locations":[{"start":{"line":845,"column":8},"end":{"line":847,"column":null}},{"start":{},"end":{}}]},"69":{"loc":{"start":{"line":861,"column":4},"end":{"line":864,"column":null}},"type":"if","locations":[{"start":{"line":861,"column":4},"end":{"line":864,"column":null}},{"start":{},"end":{}}]},"70":{"loc":{"start":{"line":867,"column":4},"end":{"line":884,"column":null}},"type":"if","locations":[{"start":{"line":867,"column":4},"end":{"line":884,"column":null}},{"start":{},"end":{}}]},"71":{"loc":{"start":{"line":872,"column":10},"end":{"line":880,"column":null}},"type":"if","locations":[{"start":{"line":872,"column":10},"end":{"line":880,"column":null}},{"start":{},"end":{}}]},"72":{"loc":{"start":{"line":873,"column":12},"end":{"line":877,"column":null}},"type":"binary-expr","locations":[{"start":{"line":873,"column":12},"end":{"line":873,"column":null}},{"start":{"line":874,"column":12},"end":{"line":874,"column":null}},{"start":{"line":875,"column":12},"end":{"line":875,"column":null}},{"start":{"line":876,"column":12},"end":{"line":876,"column":null}},{"start":{"line":877,"column":12},"end":{"line":877,"column":null}}]},"73":{"loc":{"start":{"line":888,"column":21},"end":{"line":888,"column":null}},"type":"cond-expr","locations":[{"start":{"line":888,"column":37},"end":{"line":888,"column":41}},{"start":{"line":888,"column":41},"end":{"line":888,"column":null}}]},"74":{"loc":{"start":{"line":892,"column":8},"end":{"line":918,"column":null}},"type":"if","locations":[{"start":{"line":892,"column":8},"end":{"line":918,"column":null}},{"start":{},"end":{}}]},"75":{"loc":{"start":{"line":897,"column":14},"end":{"line":897,"column":null}},"type":"if","locations":[{"start":{"line":897,"column":14},"end":{"line":897,"column":null}},{"start":{},"end":{}}]},"76":{"loc":{"start":{"line":897,"column":18},"end":{"line":897,"column":40}},"type":"binary-expr","locations":[{"start":{"line":897,"column":18},"end":{"line":897,"column":30}},{"start":{"line":897,"column":30},"end":{"line":897,"column":40}}]},"77":{"loc":{"start":{"line":901,"column":14},"end":{"line":910,"column":null}},"type":"if","locations":[{"start":{"line":901,"column":14},"end":{"line":910,"column":null}},{"start":{},"end":{}}]},"78":{"loc":{"start":{"line":902,"column":16},"end":{"line":906,"column":null}},"type":"binary-expr","locations":[{"start":{"line":902,"column":16},"end":{"line":902,"column":null}},{"start":{"line":903,"column":16},"end":{"line":903,"column":null}},{"start":{"line":904,"column":16},"end":{"line":904,"column":null}},{"start":{"line":905,"column":16},"end":{"line":905,"column":null}},{"start":{"line":906,"column":16},"end":{"line":906,"column":null}}]},"79":{"loc":{"start":{"line":912,"column":12},"end":{"line":912,"column":null}},"type":"if","locations":[{"start":{"line":912,"column":12},"end":{"line":912,"column":null}},{"start":{},"end":{}}]},"80":{"loc":{"start":{"line":915,"column":10},"end":{"line":917,"column":null}},"type":"if","locations":[{"start":{"line":915,"column":10},"end":{"line":917,"column":null}},{"start":{},"end":{}}]},"81":{"loc":{"start":{"line":927,"column":4},"end":{"line":929,"column":null}},"type":"if","locations":[{"start":{"line":927,"column":4},"end":{"line":929,"column":null}},{"start":{},"end":{}}]},"82":{"loc":{"start":{"line":932,"column":4},"end":{"line":947,"column":null}},"type":"if","locations":[{"start":{"line":932,"column":4},"end":{"line":947,"column":null}},{"start":{},"end":{}}]},"83":{"loc":{"start":{"line":936,"column":10},"end":{"line":944,"column":null}},"type":"if","locations":[{"start":{"line":936,"column":10},"end":{"line":944,"column":null}},{"start":{},"end":{}}]},"84":{"loc":{"start":{"line":937,"column":12},"end":{"line":941,"column":null}},"type":"binary-expr","locations":[{"start":{"line":937,"column":12},"end":{"line":937,"column":null}},{"start":{"line":938,"column":12},"end":{"line":938,"column":null}},{"start":{"line":939,"column":12},"end":{"line":939,"column":null}},{"start":{"line":940,"column":12},"end":{"line":940,"column":null}},{"start":{"line":941,"column":12},"end":{"line":941,"column":null}}]},"85":{"loc":{"start":{"line":983,"column":8},"end":{"line":985,"column":null}},"type":"if","locations":[{"start":{"line":983,"column":8},"end":{"line":985,"column":null}},{"start":{},"end":{}}]},"86":{"loc":{"start":{"line":1053,"column":8},"end":{"line":1055,"column":null}},"type":"if","locations":[{"start":{"line":1053,"column":8},"end":{"line":1055,"column":null}},{"start":{},"end":{}}]},"87":{"loc":{"start":{"line":1059,"column":6},"end":{"line":1062,"column":null}},"type":"if","locations":[{"start":{"line":1059,"column":6},"end":{"line":1062,"column":null}},{"start":{},"end":{}}]},"88":{"loc":{"start":{"line":1099,"column":8},"end":{"line":1102,"column":null}},"type":"if","locations":[{"start":{"line":1099,"column":8},"end":{"line":1102,"column":null}},{"start":{},"end":{}}]},"89":{"loc":{"start":{"line":1146,"column":6},"end":{"line":1152,"column":null}},"type":"if","locations":[{"start":{"line":1146,"column":6},"end":{"line":1152,"column":null}},{"start":{},"end":{}}]},"90":{"loc":{"start":{"line":1147,"column":8},"end":{"line":1148,"column":null}},"type":"binary-expr","locations":[{"start":{"line":1147,"column":8},"end":{"line":1147,"column":null}},{"start":{"line":1148,"column":8},"end":{"line":1148,"column":null}}]},"91":{"loc":{"start":{"line":1155,"column":4},"end":{"line":1160,"column":null}},"type":"if","locations":[{"start":{"line":1155,"column":4},"end":{"line":1160,"column":null}},{"start":{},"end":{}}]}},"s":{"0":21,"1":21,"2":21,"3":0,"4":0,"5":0,"6":0,"7":0,"8":0,"9":0,"10":0,"11":0,"12":0,"13":0,"14":0,"15":0,"16":0,"17":0,"18":0,"19":0,"20":0,"21":0,"22":0,"23":0,"24":0,"25":0,"26":0,"27":0,"28":0,"29":0,"30":0,"31":0,"32":0,"33":0,"34":0,"35":0,"36":0,"37":0,"38":0,"39":0,"40":0,"41":0,"42":0,"43":0,"44":0,"45":0,"46":0,"47":0,"48":0,"49":0,"50":0,"51":0,"52":0,"53":0,"54":0,"55":0,"56":0,"57":0,"58":0,"59":0,"60":0,"61":0,"62":0,"63":0,"64":0,"65":0,"66":0,"67":0,"68":0,"69":0,"70":0,"71":0,"72":0,"73":0,"74":0,"75":0,"76":0,"77":0,"78":0,"79":0,"80":0,"81":0,"82":0,"83":0,"84":0,"85":0,"86":0,"87":0,"88":0,"89":0,"90":0,"91":0,"92":0,"93":0,"94":0,"95":0,"96":0,"97":0,"98":0,"99":0,"100":0,"101":0,"102":0,"103":0,"104":0,"105":0,"106":0,"107":0,"108":0,"109":0,"110":0,"111":0,"112":0,"113":0,"114":0,"115":0,"116":0,"117":0,"118":0,"119":0,"120":0,"121":0,"122":0,"123":0,"124":0,"125":0,"126":0,"127":0,"128":0,"129":0,"130":0,"131":0,"132":0,"133":0,"134":0,"135":0,"136":0,"137":0,"138":0,"139":0,"140":0,"141":0,"142":0,"143":0,"144":0,"145":0,"146":0,"147":0,"148":0,"149":0,"150":0,"151":0,"152":0,"153":0,"154":0,"155":0,"156":0,"157":0,"158":0,"159":0,"160":0,"161":0,"162":0,"163":0,"164":0,"165":0,"166":0,"167":0,"168":0,"169":0,"170":0,"171":0,"172":0,"173":0,"174":0,"175":0,"176":0,"177":0,"178":0,"179":0,"180":0,"181":0,"182":0,"183":0,"184":0,"185":0,"186":0,"187":0,"188":0,"189":0,"190":0,"191":0,"192":0,"193":0,"194":0,"195":0,"196":0,"197":0,"198":0,"199":0,"200":0,"201":0,"202":0,"203":0,"204":0,"205":0,"206":0,"207":0,"208":0,"209":0,"210":0,"211":0,"212":0,"213":0,"214":0,"215":0,"216":0,"217":0,"218":0,"219":0,"220":0,"221":0,"222":0,"223":0,"224":0,"225":0,"226":0,"227":0,"228":0,"229":0,"230":0,"231":0,"232":0,"233":0,"234":0,"235":0,"236":0,"237":0,"238":0,"239":0,"240":0,"241":0,"242":0,"243":0,"244":0,"245":0,"246":0,"247":0,"248":0,"249":0,"250":0,"251":0,"252":0,"253":0,"254":0,"255":0,"256":0,"257":0,"258":0,"259":0,"260":0,"261":0,"262":0,"263":0,"264":0,"265":0,"266":0,"267":0,"268":0,"269":0,"270":0,"271":0,"272":0,"273":0,"274":0,"275":0,"276":0,"277":0,"278":0,"279":0,"280":0,"281":0,"282":0,"283":0,"284":0,"285":0,"286":0,"287":0,"288":0,"289":0,"290":0,"291":0,"292":0,"293":0,"294":0,"295":0,"296":0,"297":0,"298":0,"299":0,"300":0,"301":0,"302":0,"303":0,"304":0,"305":0,"306":0,"307":0,"308":0,"309":0,"310":0,"311":0,"312":0,"313":0,"314":0,"315":0,"316":0,"317":0,"318":0,"319":0,"320":0,"321":0,"322":0,"323":0,"324":0,"325":0,"326":0,"327":0,"328":0,"329":0,"330":0,"331":0,"332":0,"333":0,"334":0,"335":0,"336":0,"337":0,"338":0,"339":0,"340":0,"341":0,"342":0,"343":0,"344":0,"345":0,"346":0,"347":0,"348":0,"349":0,"350":0,"351":0,"352":0,"353":0,"354":0,"355":0,"356":0,"357":0,"358":0,"359":0,"360":0,"361":0,"362":0,"363":0,"364":0,"365":0,"366":0,"367":0,"368":0,"369":0,"370":0,"371":0,"372":0,"373":0,"374":0,"375":0,"376":0,"377":0,"378":0,"379":0,"380":0,"381":0,"382":0,"383":0,"384":0,"385":0,"386":0,"387":0,"388":0,"389":0,"390":0,"391":0,"392":0,"393":0,"394":0,"395":0,"396":0,"397":0,"398":0,"399":0,"400":0,"401":0,"402":0,"403":0,"404":0,"405":0,"406":0,"407":0,"408":0,"409":0,"410":0,"411":0,"412":0,"413":0,"414":0,"415":0,"416":0,"417":0,"418":0,"419":0,"420":0,"421":0},"f":{"0":21,"1":0,"2":0,"3":0,"4":0,"5":0,"6":0,"7":0,"8":0,"9":0,"10":0,"11":0,"12":0,"13":0,"14":0,"15":0,"16":0,"17":0,"18":0,"19":0,"20":0,"21":0,"22":0,"23":0,"24":0,"25":0,"26":0,"27":0,"28":0,"29":0,"30":0,"31":0,"32":0,"33":0,"34":0,"35":0,"36":0,"37":0,"38":0,"39":0,"40":0,"41":0,"42":0,"43":0,"44":0},"b":{"0":[0,0,0,0],"1":[0,0],"2":[0,0],"3":[0,0],"4":[0,0],"5":[0,0],"6":[0,0],"7":[0,0],"8":[0,0],"9":[0,0],"10":[0,0,0,0],"11":[0,0],"12":[0,0],"13":[0,0],"14":[0,0],"15":[0,0],"16":[0,0],"17":[0,0],"18":[0,0],"19":[0,0],"20":[0,0],"21":[0,0],"22":[0,0],"23":[0,0],"24":[0,0],"25":[0,0],"26":[0,0],"27":[0,0],"28":[0,0],"29":[0,0],"30":[0,0],"31":[0,0],"32":[0,0],"33":[0,0],"34":[0,0],"35":[0,0],"36":[0,0],"37":[0,0],"38":[0,0],"39":[0,0],"40":[0,0],"41":[0,0],"42":[0,0],"43":[0,0],"44":[0,0],"45":[0,0],"46":[0,0],"47":[0,0],"48":[0,0],"49":[0,0],"50":[0,0],"51":[0,0],"52":[0,0,0,0,0],"53":[0,0],"54":[0,0,0,0],"55":[0,0],"56":[0,0,0,0],"57":[0,0],"58":[0,0],"59":[0,0],"60":[0,0],"61":[0,0],"62":[0,0,0,0],"63":[0,0],"64":[0,0],"65":[0,0,0,0],"66":[0,0],"67":[0,0],"68":[0,0],"69":[0,0],"70":[0,0],"71":[0,0],"72":[0,0,0,0,0],"73":[0,0],"74":[0,0],"75":[0,0],"76":[0,0],"77":[0,0],"78":[0,0,0,0,0],"79":[0,0],"80":[0,0],"81":[0,0],"82":[0,0],"83":[0,0],"84":[0,0,0,0,0],"85":[0,0],"86":[0,0],"87":[0,0],"88":[0,0],"89":[0,0],"90":[0,0],"91":[0,0]}}
,"C:/Users/alan/my/games/gomoku/src/ai/types.ts": {"path":"C:/Users/alan/my/games/gomoku/src/ai/types.ts","statementMap":{"0":{"start":{"line":56,"column":6},"end":{"line":78,"column":null}},"1":{"start":{"line":84,"column":6},"end":{"line":100,"column":null}}},"fnMap":{},"branchMap":{},"s":{"0":2,"1":2},"f":{},"b":{}}
,"C:/Users/alan/my/games/gomoku/src/components/AIConfig.tsx": {"path":"C:/Users/alan/my/games/gomoku/src/components/AIConfig.tsx","statementMap":{"0":{"start":{"line":25,"column":51},"end":{"line":255,"column":null}},"1":{"start":{"line":36,"column":38},"end":{"line":36,"column":null}},"2":{"start":{"line":38,"column":29},"end":{"line":40,"column":null}},"3":{"start":{"line":39,"column":4},"end":{"line":39,"column":null}},"4":{"start":{"line":42,"column":2},"end":{"line":253,"column":null}},"5":{"start":{"line":47,"column":23},"end":{"line":47,"column":null}},"6":{"start":{"line":104,"column":35},"end":{"line":104,"column":null}},"7":{"start":{"line":115,"column":35},"end":{"line":115,"column":null}},"8":{"start":{"line":135,"column":20},"end":{"line":161,"column":null}},"9":{"start":{"line":144,"column":40},"end":{"line":144,"column":null}},"10":{"start":{"line":173,"column":20},"end":{"line":193,"column":null}},"11":{"start":{"line":182,"column":40},"end":{"line":182,"column":null}}},"fnMap":{"0":{"name":"(anonymous_0)","decl":{"start":{"line":25,"column":51},"end":{"line":25,"column":52}},"loc":{"start":{"line":35,"column":6},"end":{"line":255,"column":null}}},"1":{"name":"(anonymous_1)","decl":{"start":{"line":38,"column":29},"end":{"line":38,"column":30}},"loc":{"start":{"line":38,"column":53},"end":{"line":40,"column":null}}},"2":{"name":"(anonymous_2)","decl":{"start":{"line":47,"column":17},"end":{"line":47,"column":23}},"loc":{"start":{"line":47,"column":23},"end":{"line":47,"column":null}}},"3":{"name":"(anonymous_3)","decl":{"start":{"line":104,"column":29},"end":{"line":104,"column":35}},"loc":{"start":{"line":104,"column":35},"end":{"line":104,"column":null}}},"4":{"name":"(anonymous_4)","decl":{"start":{"line":115,"column":29},"end":{"line":115,"column":35}},"loc":{"start":{"line":115,"column":35},"end":{"line":115,"column":null}}},"5":{"name":"(anonymous_5)","decl":{"start":{"line":134,"column":45},"end":{"line":134,"column":46}},"loc":{"start":{"line":135,"column":20},"end":{"line":161,"column":null}}},"6":{"name":"(anonymous_6)","decl":{"start":{"line":144,"column":34},"end":{"line":144,"column":40}},"loc":{"start":{"line":144,"column":40},"end":{"line":144,"column":null}}},"7":{"name":"(anonymous_7)","decl":{"start":{"line":172,"column":47},"end":{"line":172,"column":48}},"loc":{"start":{"line":173,"column":20},"end":{"line":193,"column":null}}},"8":{"name":"(anonymous_8)","decl":{"start":{"line":182,"column":34},"end":{"line":182,"column":40}},"loc":{"start":{"line":182,"column":40},"end":{"line":182,"column":null}}}},"branchMap":{"0":{"loc":{"start":{"line":52,"column":11},"end":{"line":55,"column":null}},"type":"binary-expr","locations":[{"start":{"line":52,"column":11},"end":{"line":52,"column":null}},{"start":{"line":53,"column":12},"end":{"line":55,"column":null}}]},"1":{"loc":{"start":{"line":59,"column":11},"end":{"line":63,"column":null}},"type":"binary-expr","locations":[{"start":{"line":59,"column":11},"end":{"line":59,"column":31}},{"start":{"line":59,"column":31},"end":{"line":59,"column":null}},{"start":{"line":60,"column":12},"end":{"line":63,"column":null}}]},"2":{"loc":{"start":{"line":67,"column":14},"end":{"line":67,"column":null}},"type":"cond-expr","locations":[{"start":{"line":67,"column":27},"end":{"line":67,"column":34}},{"start":{"line":67,"column":34},"end":{"line":67,"column":null}}]},"3":{"loc":{"start":{"line":74,"column":7},"end":{"line":251,"column":null}},"type":"binary-expr","locations":[{"start":{"line":74,"column":7},"end":{"line":74,"column":null}},{"start":{"line":75,"column":8},"end":{"line":251,"column":null}}]},"4":{"loc":{"start":{"line":84,"column":16},"end":{"line":84,"column":null}},"type":"cond-expr","locations":[{"start":{"line":84,"column":33},"end":{"line":84,"column":48}},{"start":{"line":84,"column":48},"end":{"line":84,"column":null}}]},"5":{"loc":{"start":{"line":89,"column":18},"end":{"line":89,"column":null}},"type":"cond-expr","locations":[{"start":{"line":89,"column":35},"end":{"line":89,"column":53}},{"start":{"line":89,"column":53},"end":{"line":89,"column":null}}]},"6":{"loc":{"start":{"line":95,"column":11},"end":{"line":249,"column":null}},"type":"binary-expr","locations":[{"start":{"line":95,"column":11},"end":{"line":95,"column":null}},{"start":{"line":96,"column":12},"end":{"line":249,"column":null}}]},"7":{"loc":{"start":{"line":106,"column":22},"end":{"line":108,"column":null}},"type":"cond-expr","locations":[{"start":{"line":107,"column":26},"end":{"line":107,"column":null}},{"start":{"line":108,"column":26},"end":{"line":108,"column":null}}]},"8":{"loc":{"start":{"line":117,"column":22},"end":{"line":119,"column":null}},"type":"cond-expr","locations":[{"start":{"line":118,"column":26},"end":{"line":118,"column":null}},{"start":{"line":119,"column":26},"end":{"line":119,"column":null}}]},"9":{"loc":{"start":{"line":208,"column":24},"end":{"line":210,"column":null}},"type":"cond-expr","locations":[{"start":{"line":209,"column":28},"end":{"line":209,"column":null}},{"start":{"line":210,"column":28},"end":{"line":210,"column":null}}]},"10":{"loc":{"start":{"line":208,"column":24},"end":{"line":208,"column":null}},"type":"binary-expr","locations":[{"start":{"line":208,"column":24},"end":{"line":208,"column":59}},{"start":{"line":208,"column":59},"end":{"line":208,"column":null}}]},"11":{"loc":{"start":{"line":213,"column":23},"end":{"line":215,"column":null}},"type":"cond-expr","locations":[{"start":{"line":214,"column":26},"end":{"line":214,"column":null}},{"start":{"line":215,"column":26},"end":{"line":215,"column":null}}]},"12":{"loc":{"start":{"line":213,"column":23},"end":{"line":213,"column":null}},"type":"binar
[...]
:null}}]},"4":{"loc":{"start":{"line":145,"column":4},"end":{"line":147,"column":null}},"type":"if","locations":[{"start":{"line":145,"column":4},"end":{"line":147,"column":null}},{"start":{},"end":{}}]},"5":{"loc":{"start":{"line":155,"column":4},"end":{"line":158,"column":null}},"type":"if","locations":[{"start":{"line":155,"column":4},"end":{"line":158,"column":null}},{"start":{},"end":{}}]},"6":{"loc":{"start":{"line":179,"column":10},"end":{"line":186,"column":null}},"type":"if","locations":[{"start":{"line":179,"column":10},"end":{"line":186,"column":null}},{"start":{},"end":{}}]},"7":{"loc":{"start":{"line":180,"column":12},"end":{"line":183,"column":null}},"type":"binary-expr","locations":[{"start":{"line":180,"column":12},"end":{"line":180,"column":null}},{"start":{"line":181,"column":12},"end":{"line":181,"column":null}},{"start":{"line":182,"column":12},"end":{"line":182,"column":null}},{"start":{"line":183,"column":12},"end":{"line":183,"column":null}}]},"8":{"loc":{"start":{"line":188,"column":10},"end":{"line":192,"column":null}},"type":"if","locations":[{"start":{"line":188,"column":10},"end":{"line":192,"column":null}},{"start":{"line":190,"column":17},"end":{"line":192,"column":null}}]},"9":{"loc":{"start":{"line":200,"column":10},"end":{"line":207,"column":null}},"type":"if","locations":[{"start":{"line":200,"column":10},"end":{"line":207,"column":null}},{"start":{},"end":{}}]},"10":{"loc":{"start":{"line":201,"column":12},"end":{"line":204,"column":null}},"type":"binary-expr","locations":[{"start":{"line":201,"column":12},"end":{"line":201,"column":null}},{"start":{"line":202,"column":12},"end":{"line":202,"column":null}},{"start":{"line":203,"column":12},"end":{"line":203,"column":null}},{"start":{"line":204,"column":12},"end":{"line":204,"column":null}}]},"11":{"loc":{"start":{"line":209,"column":10},"end":{"line":213,"column":null}},"type":"if","locations":[{"start":{"line":209,"column":10},"end":{"line":213,"column":null}},{"start":{"line":211,"column":17},"end":{"line":213,"column":null}}]},"12":{"loc":{"start":{"line":216,"column":8},"end":{"line":218,"column":null}},"type":"if","locations":[{"start":{"line":216,"column":8},"end":{"line":218,"column":null}},{"start":{},"end":{}}]},"13":{"loc":{"start":{"line":230,"column":8},"end":{"line":232,"column":null}},"type":"if","locations":[{"start":{"line":230,"column":8},"end":{"line":232,"column":null}},{"start":{},"end":{}}]},"14":{"loc":{"start":{"line":241,"column":6},"end":{"line":243,"column":null}},"type":"if","locations":[{"start":{"line":241,"column":6},"end":{"line":243,"column":null}},{"start":{},"end":{}}]},"15":{"loc":{"start":{"line":241,"column":10},"end":{"line":241,"column":52}},"type":"binary-expr","locations":[{"start":{"line":241,"column":10},"end":{"line":241,"column":25}},{"start":{"line":241,"column":25},"end":{"line":241,"column":52}}]},"16":{"loc":{"start":{"line":257,"column":6},"end":{"line":263,"column":null}},"type":"if","locations":[{"start":{"line":257,"column":6},"end":{"line":263,"column":null}},{"start":{},"end":{}}]},"17":{"loc":{"start":{"line":258,"column":18},"end":{"line":258,"column":45}},"type":"cond-expr","locations":[{"start":{"line":258,"column":40},"end":{"line":258,"column":44}},{"start":{"line":258,"column":44},"end":{"line":258,"column":45}}]},"18":{"loc":{"start":{"line":266,"column":6},"end":{"line":273,"column":null}},"type":"if","locations":[{"start":{"line":266,"column":6},"end":{"line":273,"column":null}},{"start":{},"end":{}}]},"19":{"loc":{"start":{"line":276,"column":6},"end":{"line":280,"column":null}},"type":"if","locations":[{"start":{"line":276,"column":6},"end":{"line":280,"column":null}},{"start":{},"end":{}}]},"20":{"loc":{"start":{"line":283,"column":25},"end":{"line":283,"column":null}},"type":"cond-expr","locations":[{"start":{"line":283,"column":47},"end":{"line":283,"column":51}},{"start":{"line":283,"column":51},"end":{"line":283,"column":null}}]},"21":{"loc":{"start":{"line":294,"column":33},"end":{"line":296,"column":null}},"type":"cond-expr","locations":[{"start":{"line":295,"column":10},"end":{"line":295,"column":null}},{"start":{"line":296,"column":10},"end":{"line":296,"column":null}}]},"22":{"loc":{"start":{"line":298,"column":8},"end":{"line":300,"column":null}},"type":"cond-expr","locations":[{"start":{"line":299,"column":12},"end":{"line":299,"column":null}},{"start":{"line":300,"column":12},"end":{"line":300,"column":null}}]},"23":{"loc":{"start":{"line":298,"column":8},"end":{"line":298,"column":null}},"type":"binary-expr","locations":[{"start":{"line":298,"column":8},"end":{"line":298,"column":35}},{"start":{"line":298,"column":35},"end":{"line":298,"column":null}}]},"24":{"loc":{"start":{"line":330,"column":4},"end":{"line":332,"column":null}},"type":"if","locations":[{"start":{"line":330,"column":4},"end":{"line":332,"column":null}},{"start":{},"end":{}}]},"25":{"loc":{"start":{"line":330,"column":8},"end":{"line":330,"column":63}},"type":"binary-expr","locations":[{"start":{"line":330,"column":8},"end":{"line":330,"column":36}},{"start":{"line":330,"column":36},"end":{"line":330,"column":51}},{"start":{"line":330,"column":51},"end":{"line":330,"column":63}}]},"26":{"loc":{"start":{"line":337,"column":4},"end":{"line":337,"column":null}},"type":"if","locations":[{"start":{"line":337,"column":4},"end":{"line":337,"column":null}},{"start":{},"end":{}}]},"27":{"loc":{"start":{"line":346,"column":6},"end":{"line":346,"column":null}},"type":"cond-expr","locations":[{"start":{"line":346,"column":30},"end":{"line":346,"column":66}},{"start":{"line":346,"column":66},"end":{"line":346,"column":null}}]},"28":{"loc":{"start":{"line":357,"column":21},"end":{"line":357,"column":52}},"type":"binary-expr","locations":[{"start":{"line":357,"column":21},"end":{"line":357,"column":51}},{"start":{"line":357,"column":51},"end":{"line":357,"column":52}}]},"29":{"loc":{"start":{"line":370,"column":4},"end":{"line":382,"column":null}},"type":"if","locations":[{"start":{"line":370,"column":4},"end":{"line":382,"column":null}},{"start":{"line":374,"column":11},"end":{"line":382,"column":null}}]},"30":{"loc":{"start":{"line":375,"column":6},"end":{"line":378,"column":null}},"type":"if","locations":[{"start":{"line":375,"column":6},"end":{"line":378,"column":null}},{"start":{},"end":{}}]},"31":{"loc":{"start":{"line":375,"column":10},"end":{"line":375,"column":48}},"type":"binary-expr","locations":[{"start":{"line":375,"column":10},"end":{"line":375,"column":28}},{"start":{"line":375,"column":28},"end":{"line":375,"column":48}}]},"32":{"loc":{"start":{"line":387,"column":4},"end":{"line":398,"column":null}},"type":"if","locations":[{"start":{"line":387,"column":4},"end":{"line":398,"column":null}},{"start":{},"end":{}}]},"33":{"loc":{"start":{"line":393,"column":22},"end":{"line":393,"column":71}},"type":"binary-expr","locations":[{"start":{"line":393,"column":22},"end":{"line":393,"column":47}},{"start":{"line":393,"column":47},"end":{"line":393,"column":71}}]},"34":{"loc":{"start":{"line":403,"column":4},"end":{"line":412,"column":null}},"type":"if","locations":[{"start":{"line":403,"column":4},"end":{"line":412,"column":null}},{"start":{},"end":{}}]},"35":{"loc":{"start":{"line":403,"column":8},"end":{"line":403,"column":49}},"type":"binary-expr","locations":[{"start":{"line":403,"column":8},"end":{"line":403,"column":37}},{"start":{"line":403,"column":37},"end":{"line":403,"column":49}}]},"36":{"loc":{"start":{"line":405,"column":8},"end":{"line":409,"column":null}},"type":"if","locations":[{"start":{"line":405,"column":8},"end":{"line":409,"column":null}},{"start":{"line":407,"column":15},"end":{"line":409,"column":null}}]},"37":{"loc":{"start":{"line":418,"column":19},"end":{"line":418,"column":50}},"type":"binary-expr","locations":[{"start":{"line":418,"column":19},"end":{"line":418,"column":49}},{"start":{"line":418,"column":49},"end":{"line":418,"column":50}}]},"38":{"loc":{"start":{"line":430,"column":6},"end":{"line":438,"column":null}},"type":"if","locations":[{"start":{"line":430,"column":6},"end":{"line":438,"column":null}},{"start":{},"end":{}}]},"39":{"loc":{"start":{"line":431,"column":8},"end":{"line":435,"column":null}},"type":"binary-expr","locations":[{"start":{"line":431,"column":8},"end":{"line":431,"column":null}},{"start":{"line":432,"column":8},"end":{"line":432,"column":null}},{"start":{"line":433,"column":8},"end":{"line":433,"column":null}},{"start":{"line":434,"column":8},"end":{"line":434,"column":null}},{"start":{"line":435,"column":8},"end":{"line":435,"column":null}}]},"40":{"loc":{"start":{"line":449,"column":8},"end":{"line":456,"column":null}},"type":"if","locations":[{"start":{"line":449,"column":8},"end":{"line":456,"column":null}},{"start":{},"end":{}}]},"41":{"loc":{"start":{"line":449,"column":12},"end":{"line":449,"column":71}},"type":"binary-expr","locations":[{"start":{"line":449,"column":12},"end":{"line":449,"column":22}},{"start":{"line":449,"column":22},"end":{"line":449,"column":36}},{"start":{"line":449,"column":36},"end":{"line":449,"column":71}}]}},"s":{"0":1,"1":118,"2":118,"3":118,"4":118,"5":20,"6":286,"7":118,"8":118,"9":118,"10":118,"11":118,"12":118,"13":118,"14":118,"15":118,"16":118,"17":118,"18":118,"19":118,"20":118,"21":118,"22":118,"23":118,"24":22,"25":0,"26":22,"27":0,"28":0,"29":118,"30":28,"31":22,"32":22,"33":118,"34":72,"35":72,"36":276,"37":276,"38":276,"39":276,"40":276,"41":276,"42":26,"43":250,"44":0,"45":250,"46":276,"47":276,"48":371,"49":371,"50":371,"51":187,"52":184,"53":95,"54":89,"55":276,"56":6,"57":66,"58":118,"59":66,"60":66,"61":66,"62":66,"63":197,"64":66,"65":0,"66":118,"67":74,"68":2,"69":72,"70":956,"71":72,"72":72,"73":72,"74":72,"75":72,"76":72,"77":72,"78":72,"79":0,"80":0,"81":0,"82":0,"83":0,"84":72,"85":6,"86":6,"87":6,"88":6,"89":6,"90":66,"91":0,"92":0,"93":0,"94":66,"95":66,"96":66,"97":66,"98":118,"99":1,"100":1,"101":1,"102":1,"103":1,"104":1,"105":1,"106":13,"107":1,"108":1,"109":1,"110":1,"111":1,"112":1,"113":1,"114":1,"115":1,"116":118,"117":4,"118":3,"119":1,"120":1,"121":1,"122":0,"123":1,"124":15,"125":1,"126":1,"127":1,"128":1,"129":1,"130":118,"131":1,"132":15,"133":1,"134":1,"135":1,"136":1,"137":1,"138":1,"139":1,"140":1,"141":118,"142":23,"143":2,"144":30,"145":2,"146":2,"147":21,"148":1,"149":1,"150":21,"151":21,"152":21,"153":118,"154":26,"155":5,"156":75,"157":5,"158":5,"159":6,"160":6,"161":5,"162":118,"163":90,"164":1,"165":0,"166":0,"167":0,"168":0,"169":1,"170":1,"171":118,"172":20,"173":20,"174":20,"175":20,"176":118,"177":21,"178":118,"179":93,"180":93,"181":93,"182":0,"183":0,"184":0,"185":0,"186":0,"187":0,"188":0,"189":0,"190":0,"191":93,"192":118},"f":{"0":118,"1":20,"2":286,"3":22,"4":0,"5":0,"6":28,"7":72,"8":66,"9":74,"10":956,"11":72,"12":1,"13":13,"14":4,"15":15,"16":1,"17":15,"18":23,"19":30,"20":26,"21":75,"22":90,"23":0,"24":0,"25":1,"26":20,"27":20,"28":21,"29":93,"30":93},"b":{"0":[118,46],"1":[118,46],"2":[118,46],"3":[118,46],"4":[0,22],"5":[22,6],"6":[26,250],"7":[276,276,276,250],"8":[0,250],"9":[187,184],"10":[371,246,246,184],"11":[95,89],"12":[6,270],"13":[66,131],"14":[2,72],"15":[74,73],"16":[0,72],"17":[0,0],"18":[6,66],"19":[0,66],"20":[42,24],"21":[1,0],"22":[1,0],"23":[1,1],"24":[3,1],"25":[4,3,2],"26":[0,1],"27":[0,1],"28":[1,1],"29":[2,21],"30":[1,20],"31":[21,1],"32":[5,21],"33":[11,6],"34":[1,89],"35":[90,1],"36":[0,0],"37":[20,12],"38":[93,0],"39":[93,87,0,0,0],"40":[0,0],"41":[0,0,0]}}
,"C:/Users/alan/my/games/gomoku/src/test/renderHook.tsx": {"path":"C:/Users/alan/my/games/gomoku/src/test/renderHook.tsx","statementMap":{"0":{"start":{"line":6,"column":34},"end":{"line":6,"column":null}},"1":{"start":{"line":10,"column":16},"end":{"line":10,"column":null}},"2":{"start":{"line":13,"column":4},"end":{"line":13,"column":null}},"3":{"start":{"line":14,"column":4},"end":{"line":14,"column":null}},"4":{"start":{"line":17,"column":20},"end":{"line":17,"column":null}},"5":{"start":{"line":18,"column":2},"end":{"line":18,"column":null}},"6":{"start":{"line":19,"column":21},"end":{"line":19,"column":null}},"7":{"start":{"line":21,"column":2},"end":{"line":23,"column":null}},"8":{"start":{"line":22,"column":4},"end":{"line":22,"column":null}},"9":{"start":{"line":24,"column":18},"end":{"line":31,"column":null}},"10":{"start":{"line":25,"column":4},"end":{"line":29,"column":null}},"11":{"start":{"line":26,"column":6},"end":{"line":26,"column":null}},"12":{"start":{"line":26,"column":16},"end":{"line":26,"column":30}},"13":{"start":{"line":30,"column":4},"end":{"line":30,"column":null}},"14":{"start":{"line":30,"column":30},"end":{"line":30,"column":null}},"15":{"start":{"line":34,"column":20},"end":{"line":34,"column":null}},"16":{"start":{"line":35,"column":12},"end":{"line":35,"column":null}},"17":{"start":{"line":36,"column":2},"end":{"line":36,"column":null}},"18":{"start":{"line":36,"column":21},"end":{"line":36,"column":null}},"19":{"start":{"line":37,"column":2},"end":{"line":37,"column":null}},"20":{"start":{"line":39,"column":2},"end":{"line":42,"column":null}}},"fnMap":{"0":{"name":"renderHook","decl":{"start":{"line":5,"column":16},"end":{"line":5,"column":30}},"loc":{"start":{"line":5,"column":45},"end":{"line":43,"column":null}}},"1":{"name":"Test","decl":{"start":{"line":8,"column":11},"end":{"line":8,"column":18}},"loc":{"start":{"line":8,"column":18},"end":{"line":15,"column":null}}},"2":{"name":"(anonymous_2)","decl":{"start":{"line":21,"column":6},"end":{"line":21,"column":12}},"loc":{"start":{"line":21,"column":12},"end":{"line":23,"column":3}}},"3":{"name":"(anonymous_3)","decl":{"start":{"line":24,"column":18},"end":{"line":24,"column":24}},"loc":{"start":{"line":24,"column":24},"end":{"line":31,"column":null}}},"4":{"name":"(anonymous_4)","decl":{"start":{"line":26,"column":10},"end":{"line":26,"column":16}},"loc":{"start":{"line":26,"column":16},"end":{"line":26,"column":30}}}},"branchMap":{"0":{"loc":{"start":{"line":30,"column":4},"end":{"line":30,"column":null}},"type":"if","locations":[{"start":{"line":30,"column":4},"end":{"line":30,"column":null}},{"start":{},"end":{}}]},"1":{"loc":{"start":{"line":36,"column":2},"end":{"line":36,"column":null}},"type":"if","locations":[{"start":{"line":36,"column":2},"end":{"line":36,"column":null}},{"start":{},"end":{}}]}},"s":{"0":55,"1":200,"2":200,"3":200,"4":55,"5":55,"6":55,"7":55,"8":55,"9":55,"10":81,"11":81,"12":81,"13":81,"14":55,"15":55,"16":55,"17":55,"18":5,"19":55,"20":55},"f":{"0":55,"1":200,"2":55,"3":81,"4":81},"b":{"0":[55,26],"1":[5,50]}}
,"C:/Users/alan/my/games/gomoku/src/utils/checkWin.ts": {"path":"C:/Users/alan/my/games/gomoku/src/utils/checkWin.ts","statementMap":{"0":{"start":{"line":11,"column":41},"end":{"line":16,"column":null}},"1":{"start":{"line":18,"column":2},"end":{"line":50,"column":null}},"2":{"start":{"line":19,"column":16},"end":{"line":19,"column":null}},"3":{"start":{"line":21,"column":4},"end":{"line":33,"column":null}},"4":{"start":{"line":21,"column":17},"end":{"line":21,"column":20}},"5":{"start":{"line":22,"column":21},"end":{"line":22,"column":null}},"6":{"start":{"line":23,"column":21},"end":{"line":23,"column":null}},"7":{"start":{"line":24,"column":6},"end":{"line":30,"column":null}},"8":{"start":{"line":30,"column":8},"end":{"line":30,"column":null}},"9":{"start":{"line":31,"column":6},"end":{"line":32,"column":null}},"10":{"start":{"line":31,"column":44},"end":{"line":31,"column":null}},"11":{"start":{"line":32,"column":11},"end":{"line":32,"column":null}},"12":{"start":{"line":35,"column":4},"end":{"line":47,"column":null}},"13":{"start":{"line":35,"column":17},"end":{"line":35,"column":20}},"14":{"start":{"line":36,"column":21},"end":{"line":36,"column":null}},"15":{"start":{"line":37,"column":21},"end":{"line":37,"column":null}},"16":{"start":{"line":38,"column":6},"end":{"line":44,"column":null}},"17":{"start":{"line":44,"column":8},"end":{"line":44,"column":null}},"18":{"start":{"line":45,"column":6},"end":{"line":46,"column":null}},"19":{"start":{"line":45,"column":44},"end":{"line":45,"column":null}},"20":{"start":{"line":46,"column":11},"end":{"line":46,"column":null}},"21":{"start":{"line":49,"column":4},"end":{"line":49,"column":null}},"22":{"start":{"line":49,"column":31},"end":{"line":49,"column":null}},"23":{"start":{"line":52,"column":2},"end":{"line":52,"column":null}}},"fnMap":{"0":{"name":"checkWin","decl":{"start":{"line":3,"column":16},"end":{"line":3,"column":null}},"loc":{"start":{"line":10,"column":11},"end":{"line":53,"column":null}}}},"branchMap":{"0":{"loc":{"start":{"line":24,"column":6},"end":{"line":30,"column":null}},"type":"if","locations":[{"start":{"line":24,"column":6},"end":{"line":30,"column":null}},{"start":{},"end":{}}]},"1":{"loc":{"start":{"line":25,"column":8},"end":{"line":28,"column":null}},"type":"binary-expr","locations":[{"start":{"line":25,"column":8},"end":{"line":25,"column":null}},{"start":{"line":26,"column":8},"end":{"line":26,"column":null}},{"start":{"line":27,"column":8},"end":{"line":27,"column":null}},{"start":{"line":28,"column":8},"end":{"line":28,"column":null}}]},"2":{"loc":{"start":{"line":31,"column":6},"end":{"line":32,"column":null}},"type":"if","locations":[{"start":{"line":31,"column":6},"end":{"line":32,"column":null}},{"start":{"line":32,"column":11},"end":{"line":32,"column":null}}]},"3":{"loc":{"start":{"line":38,"column":6},"end":{"line":44,"column":null}},"type":"if","locations":[{"start":{"line":38,"column":6},"end":{"line":44,"column":null}},{"start":{},"end":{}}]},"4":{"loc":{"start":{"line":39,"column":8},"end":{"line":42,"column":null}},"type":"binary-expr","locations":[{"start":{"line":39,"column":8},"end":{"line":39,"column":null}},{"start":{"line":40,"column":8},"end":{"line":40,"column":null}},{"start":{"line":41,"column":8},"end":{"line":41,"column":null}},{"start":{"line":42,"column":8},"end":{"line":42,"column":null}}]},"5":{"loc":{"start":{"line":45,"column":6},"end":{"line":46,"column":null}},"type":"if","locations":[{"start":{"line":45,"column":6},"end":{"line":46,"column":null}},{"start":{"line":46,"column":11},"end":{"line":46,"column":null}}]},"6":{"loc":{"start":{"line":49,"column":4},"end":{"line":49,"column":null}},"type":"if","locations":[{"start":{"line":49,"column":4},"end":{"line":49,"column":null}},{"start":{},"end":{}}]}},"s":{"0":0,"1":0,"2":0,"3":0,"4":0,"5":0,"6":0,"7":0,"8":0,"9":0,"10":0,"11":0,"12":0,"13":0,"14":0,"15":0,"16":0,"17":0,"18":0,"19":0,"20":0,"21":0,"22":0,"23":0},"f":{"0":0},"b":{"0":[0,0],"1":[0,0,0,0],"2":[0,0],"3":[0,0],"4":[0,0,0,0],"5":[0,0],"6":[0,0]}}
,"C:/Users/alan/my/games/gomoku/src/utils/formatTime.ts": {"path":"C:/Users/alan/my/games/gomoku/src/utils/formatTime.ts","statementMap":{"0":{"start":{"line":2,"column":2},"end":{"line":2,"column":null}},"1":{"start":{"line":2,"column":19},"end":{"line":2,"column":null}},"2":{"start":{"line":4,"column":16},"end":{"line":4,"column":null}},"3":{"start":{"line":5,"column":18},"end":{"line":5,"column":null}},"4":{"start":{"line":6,"column":15},"end":{"line":6,"column":null}},"5":{"start":{"line":8,"column":2},"end":{"line":16,"column":null}},"6":{"start":{"line":9,"column":4},"end":{"line":11,"column":null}},"7":{"start":{"line":13,"column":4},"end":{"line":15,"column":null}}},"fnMap":{"0":{"name":"formatTime","decl":{"start":{"line":1,"column":16},"end":{"line":1,"column":27}},"loc":{"start":{"line":1,"column":52},"end":{"line":17,"column":null}}}},"branchMap":{"0":{"loc":{"start":{"line":2,"column":2},"end":{"line":2,"column":null}},"type":"if","locations":[{"start":{"line":2,"column":2},"end":{"line":2,"column":null}},{"start":{},"end":{}}]},"1":{"loc":{"start":{"line":8,"column":2},"end":{"line":16,"column":null}},"type":"if","locations":[{"start":{"line":8,"column":2},"end":{"line":16,"column":null}},{"start":{"line":12,"column":9},"end":{"line":16,"column":null}}]}},"s":{"0":0,"1":0,"2":0,"3":0,"4":0,"5":0,"6":0,"7":0},"f":{"0":0},"b":{"0":[0,0],"1":[0,0]}}
}
